{"/home/travis/build/npmtest/node-npmtest-babel-eslint/test.js":{"path":"/home/travis/build/npmtest/node-npmtest-babel-eslint/test.js","s":{"1":2,"2":2,"3":2,"4":2,"5":2,"6":2,"7":2,"8":1,"9":2,"10":2,"11":1,"12":1,"13":1,"14":1,"15":2,"16":2,"17":2,"18":2,"19":1,"20":1,"21":2,"22":2,"23":2,"24":1,"25":1,"26":1,"27":1,"28":1,"29":1,"30":1,"31":1,"32":1,"33":1,"34":1,"35":1,"36":1,"37":1,"38":1,"39":2,"40":2,"41":1,"42":2,"43":2,"44":1,"45":2,"46":2,"47":1,"48":2,"49":2,"50":1,"51":1,"52":1,"53":1,"54":1},"b":{"1":[2,1,1,1],"2":[1,1,1,1],"3":[1,1],"4":[1,1],"5":[1,1],"6":[1,1],"7":[1,1],"8":[1,1],"9":[1,1],"10":[1,1,1],"11":[1,1],"12":[1,1],"13":[1,1],"14":[1,1],"15":[1,1],"16":[1,1],"17":[1,1]},"f":{"1":2,"2":2,"3":2,"4":2,"5":2,"6":1,"7":1,"8":1,"9":2,"10":2,"11":2,"12":2,"13":1},"fnMap":{"1":{"name":"(anonymous_1)","line":12,"loc":{"start":{"line":12,"column":1},"end":{"line":12,"column":13}}},"2":{"name":"(anonymous_2)","line":19,"loc":{"start":{"line":19,"column":5},"end":{"line":19,"column":17}}},"3":{"name":"(anonymous_3)","line":23,"loc":{"start":{"line":23,"column":24},"end":{"line":23,"column":36}}},"4":{"name":"(anonymous_4)","line":61,"loc":{"start":{"line":61,"column":5},"end":{"line":61,"column":17}}},"5":{"name":"(anonymous_5)","line":82,"loc":{"start":{"line":82,"column":5},"end":{"line":82,"column":17}}},"6":{"name":"(anonymous_6)","line":91,"loc":{"start":{"line":91,"column":77},"end":{"line":94,"column":10}}},"7":{"name":"(anonymous_7)","line":112,"loc":{"start":{"line":112,"column":83},"end":{"line":115,"column":10}},"skip":true},"8":{"name":"(anonymous_8)","line":123,"loc":{"start":{"line":123,"column":77},"end":{"line":126,"column":10}},"skip":true},"9":{"name":"(anonymous_9)","line":139,"loc":{"start":{"line":139,"column":12},"end":{"line":139,"column":40}},"skip":true},"10":{"name":"(anonymous_10)","line":147,"loc":{"start":{"line":147,"column":77},"end":{"line":150,"column":10}},"skip":true},"11":{"name":"(anonymous_11)","line":158,"loc":{"start":{"line":158,"column":83},"end":{"line":161,"column":10}},"skip":true},"12":{"name":"(anonymous_12)","line":169,"loc":{"start":{"line":169,"column":79},"end":{"line":172,"column":10}},"skip":true},"13":{"name":"(anonymous_13)","line":180,"loc":{"start":{"line":180,"column":75},"end":{"line":183,"column":10}},"skip":true}},"statementMap":{"1":{"start":{"line":12,"column":0},"end":{"line":195,"column":5}},"2":{"start":{"line":14,"column":4},"end":{"line":14,"column":14}},"3":{"start":{"line":19,"column":4},"end":{"line":56,"column":9}},"4":{"start":{"line":21,"column":8},"end":{"line":21,"column":19}},"5":{"start":{"line":23,"column":8},"end":{"line":35,"column":13}},"6":{"start":{"line":24,"column":12},"end":{"line":34,"column":13}},"7":{"start":{"line":25,"column":16},"end":{"line":28,"column":30}},"8":{"start":{"line":30,"column":16},"end":{"line":33,"column":27}},"9":{"start":{"line":37,"column":8},"end":{"line":39,"column":21}},"10":{"start":{"line":40,"column":8},"end":{"line":53,"column":9}},"11":{"start":{"line":43,"column":12},"end":{"line":46,"column":14}},"12":{"start":{"line":47,"column":12},"end":{"line":47,"column":18}},"13":{"start":{"line":50,"column":12},"end":{"line":51,"column":33}},"14":{"start":{"line":52,"column":12},"end":{"line":52,"column":18}},"15":{"start":{"line":55,"column":8},"end":{"line":55,"column":35}},"16":{"start":{"line":61,"column":4},"end":{"line":63,"column":9}},"17":{"start":{"line":62,"column":8},"end":{"line":62,"column":15}},"18":{"start":{"line":64,"column":4},"end":{"line":77,"column":5}},"19":{"start":{"line":70,"column":8},"end":{"line":70,"column":14}},"20":{"start":{"line":76,"column":8},"end":{"line":76,"column":14}},"21":{"start":{"line":82,"column":4},"end":{"line":84,"column":9}},"22":{"start":{"line":83,"column":8},"end":{"line":83,"column":15}},"23":{"start":{"line":85,"column":4},"end":{"line":194,"column":5}},"24":{"start":{"line":91,"column":8},"end":{"line":99,"column":10}},"25":{"start":{"line":98,"column":12},"end":{"line":98,"column":35}},"26":{"start":{"line":102,"column":8},"end":{"line":104,"column":63}},"27":{"start":{"line":105,"column":8},"end":{"line":105,"column":14}},"28":{"start":{"line":112,"column":8},"end":{"line":121,"column":10},"skip":true},"29":{"start":{"line":119,"column":12},"end":{"line":119,"column":55},"skip":true},"30":{"start":{"line":120,"column":12},"end":{"line":120,"column":48},"skip":true},"31":{"start":{"line":123,"column":8},"end":{"line":136,"column":10},"skip":true},"32":{"start":{"line":130,"column":12},"end":{"line":130,"column":76},"skip":true},"33":{"start":{"line":131,"column":12},"end":{"line":131,"column":73},"skip":true},"34":{"start":{"line":132,"column":12},"end":{"line":132,"column":74},"skip":true},"35":{"start":{"line":133,"column":12},"end":{"line":133,"column":79},"skip":true},"36":{"start":{"line":134,"column":12},"end":{"line":134,"column":25},"skip":true},"37":{"start":{"line":135,"column":12},"end":{"line":135,"column":45},"skip":true},"38":{"start":{"line":138,"column":8},"end":{"line":145,"column":14},"skip":true},"39":{"start":{"line":143,"column":16},"end":{"line":143,"column":29},"skip":true},"40":{"start":{"line":144,"column":16},"end":{"line":144,"column":55},"skip":true},"41":{"start":{"line":147,"column":8},"end":{"line":156,"column":10},"skip":true},"42":{"start":{"line":154,"column":12},"end":{"line":154,"column":25},"skip":true},"43":{"start":{"line":155,"column":12},"end":{"line":155,"column":45},"skip":true},"44":{"start":{"line":158,"column":8},"end":{"line":167,"column":10},"skip":true},"45":{"start":{"line":165,"column":12},"end":{"line":165,"column":25},"skip":true},"46":{"start":{"line":166,"column":12},"end":{"line":166,"column":48},"skip":true},"47":{"start":{"line":169,"column":8},"end":{"line":178,"column":10},"skip":true},"48":{"start":{"line":176,"column":12},"end":{"line":176,"column":25},"skip":true},"49":{"start":{"line":177,"column":12},"end":{"line":177,"column":46},"skip":true},"50":{"start":{"line":180,"column":8},"end":{"line":189,"column":10},"skip":true},"51":{"start":{"line":187,"column":12},"end":{"line":187,"column":94},"skip":true},"52":{"start":{"line":188,"column":12},"end":{"line":188,"column":48},"skip":true},"53":{"start":{"line":192,"column":8},"end":{"line":192,"column":35},"skip":true},"54":{"start":{"line":193,"column":8},"end":{"line":193,"column":14},"skip":true}},"branchMap":{"1":{"line":25,"type":"binary-expr","locations":[{"start":{"line":25,"column":23},"end":{"line":25,"column":62}},{"start":{"line":26,"column":20},"end":{"line":26,"column":70}},{"start":{"line":27,"column":20},"end":{"line":27,"column":71}},{"start":{"line":28,"column":20},"end":{"line":28,"column":29}}]},"2":{"line":30,"type":"binary-expr","locations":[{"start":{"line":30,"column":23},"end":{"line":30,"column":37}},{"start":{"line":31,"column":20},"end":{"line":31,"column":61}},{"start":{"line":32,"column":20},"end":{"line":32,"column":70}},{"start":{"line":33,"column":20},"end":{"line":33,"column":26}}]},"3":{"line":37,"type":"cond-expr","locations":[{"start":{"line":38,"column":14},"end":{"line":38,"column":20}},{"start":{"line":39,"column":14},"end":{"line":39,"column":20}}]},"4":{"line":40,"type":"switch","locations":[{"start":{"line":42,"column":8},"end":{"line":47,"column":18}},{"start":{"line":49,"column":8},"end":{"line":52,"column":18}}]},"5":{"line":44,"type":"binary-expr","locations":[{"start":{"line":44,"column":16},"end":{"line":44,"column":44}},{"start":{"line":44,"column":48},"end":{"line":44,"column":66}}]},"6":{"line":50,"type":"binary-expr","locations":[{"start":{"line":50,"column":21},"end":{"line":50,"column":49}},{"start":{"line":50,"column":53},"end":{"line":50,"column":72}}]},"7":{"line":64,"type":"switch","locations":[{"start":{"line":69,"column":4},"end":{"line":70,"column":14}},{"start":{"line":75,"column":4},"end":{"line":76,"column":14}}]},"8":{"line":85,"type":"switch","locations":[{"start":{"line":90,"column":4},"end":{"line":105,"column":14}},{"start":{"line":111,"column":4},"end":{"line":193,"column":14},"skip":true}]},"9":{"line":91,"type":"binary-expr","locations":[{"start":{"line":91,"column":42},"end":{"line":91,"column":73}},{"start":{"line":91,"column":77},"end":{"line":99,"column":9}}]},"10":{"line":102,"type":"binary-expr","locations":[{"start":{"line":102,"column":18},"end":{"line":102,"column":32}},{"start":{"line":103,"column":12},"end":{"line":103,"column":53}},{"start":{"line":104,"column":12},"end":{"line":104,"column":61}}]},"11":{"line":112,"type":"binary-expr","locations":[{"start":{"line":112,"column":45},"end":{"line":112,"column":79},"skip":true},{"start":{"line":112,"column":83},"end":{"line":121,"column":9},"skip":true}]},"12":{"line":123,"type":"binary-expr","locations":[{"start":{"line":123,"column":42},"end":{"line":123,"column":73},"skip":true},{"start":{"line":123,"column":77},"end":{"line":136,"column":9},"skip":true}]},"13":{"line":138,"type":"binary-expr","locations":[{"start":{"line":138,"column":48},"end":{"line":138,"column":85},"skip":true},{"start":{"line":139,"column":12},"end":{"line":145,"column":13},"skip":true}]},"14":{"line":147,"type":"binary-expr","locations":[{"start":{"line":147,"column":42},"end":{"line":147,"column":73},"skip":true},{"start":{"line":147,"column":77},"end":{"line":156,"column":9},"skip":true}]},"15":{"line":158,"type":"binary-expr","locations":[{"start":{"line":158,"column":45},"end":{"line":158,"column":79},"skip":true},{"start":{"line":158,"column":83},"end":{"line":167,"column":9},"skip":true}]},"16":{"line":169,"type":"binary-expr","locations":[{"start":{"line":169,"column":43},"end":{"line":169,"column":75},"skip":true},{"start":{"line":169,"column":79},"end":{"line":178,"column":9},"skip":true}]},"17":{"line":180,"type":"binary-expr","locations":[{"start":{"line":180,"column":41},"end":{"line":180,"column":71},"skip":true},{"start":{"line":180,"column":75},"end":{"line":189,"column":9},"skip":true}]}},"code":["/* istanbul instrument in package npmtest_babel_eslint */","/*jslint","    bitwise: true,","    browser: true,","    maxerr: 8,","    maxlen: 96,","    node: true,","    nomen: true,","    regexp: true,","    stupid: true","*/","(function () {","    'use strict';","    var local;","","","","    // run shared js-env code - pre-init","    (function () {","        // init local","        local = {};","        // init modeJs","        local.modeJs = (function () {","            try {","                return typeof navigator.userAgent === 'string' &&","                    typeof document.querySelector('body') === 'object' &&","                    typeof XMLHttpRequest.prototype.open === 'function' &&","                    'browser';","            } catch (errorCaughtBrowser) {","                return module.exports &&","                    typeof process.versions.node === 'string' &&","                    typeof require('http').createServer === 'function' &&","                    'node';","            }","        }());","        // init global","        local.global = local.modeJs === 'browser'","            ? window","            : global;","        switch (local.modeJs) {","        // re-init local from window.local","        case 'browser':","            local = local.global.utility2.objectSetDefault(","                local.global.utility2_rollup || local.global.local,","                local.global.utility2","            );","            break;","        // re-init local from example.js","        case 'node':","            local = (local.global.utility2_rollup || require('utility2'))","                .requireReadme();","            break;","        }","        // export local","        local.global.local = local;","    }());","","","","    // run shared js-env code - function","    (function () {","        return;","    }());","    switch (local.modeJs) {","","","","    // run browser js-env code - function","    case 'browser':","        break;","","","","    // run node js-env code - function","    case 'node':","        break;","    }","","","","    // run shared js-env code - post-init","    (function () {","        return;","    }());","    switch (local.modeJs) {","","","","    // run browser js-env code - post-init","    case 'browser':","        local.testCase_browser_nullCase = local.testCase_browser_nullCase || function (","            options,","            onError","        ) {","        /*","         * this function will test browsers's null-case handling-behavior-behavior","         */","            onError(null, options);","        };","","        // run tests","        local.nop(local.modeTest &&","            document.querySelector('#testRunButton1') &&","            document.querySelector('#testRunButton1').click());","        break;","","","","    // run node js-env code - post-init","    /* istanbul ignore next */","    case 'node':","        local.testCase_buildApidoc_default = local.testCase_buildApidoc_default || function (","            options,","            onError","        ) {","        /*","         * this function will test buildApidoc's default handling-behavior-behavior","         */","            options = { modulePathList: module.paths };","            local.buildApidoc(options, onError);","        };","","        local.testCase_buildApp_default = local.testCase_buildApp_default || function (","            options,","            onError","        ) {","        /*","         * this function will test buildApp's default handling-behavior-behavior","         */","            local.testCase_buildReadme_default(options, local.onErrorThrow);","            local.testCase_buildLib_default(options, local.onErrorThrow);","            local.testCase_buildTest_default(options, local.onErrorThrow);","            local.testCase_buildCustomOrg_default(options, local.onErrorThrow);","            options = [];","            local.buildApp(options, onError);","        };","","        local.testCase_buildCustomOrg_default = local.testCase_buildCustomOrg_default ||","            function (options, onError) {","            /*","             * this function will test buildCustomOrg's default handling-behavior","             */","                options = {};","                local.buildCustomOrg(options, onError);","            };","","        local.testCase_buildLib_default = local.testCase_buildLib_default || function (","            options,","            onError","        ) {","        /*","         * this function will test buildLib's default handling-behavior","         */","            options = {};","            local.buildLib(options, onError);","        };","","        local.testCase_buildReadme_default = local.testCase_buildReadme_default || function (","            options,","            onError","        ) {","        /*","         * this function will test buildReadme's default handling-behavior-behavior","         */","            options = {};","            local.buildReadme(options, onError);","        };","","        local.testCase_buildTest_default = local.testCase_buildTest_default || function (","            options,","            onError","        ) {","        /*","         * this function will test buildTest's default handling-behavior","         */","            options = {};","            local.buildTest(options, onError);","        };","","        local.testCase_webpage_default = local.testCase_webpage_default || function (","            options,","            onError","        ) {","        /*","         * this function will test webpage's default handling-behavior","         */","            options = { modeCoverageMerge: true, url: local.serverLocalHost + '?modeTest=1' };","            local.browserTest(options, onError);","        };","","        // run test-server","        local.testRunServer(local);","        break;","    }","}());",""],"l":{"12":2,"14":2,"19":2,"21":2,"23":2,"24":2,"25":2,"30":1,"37":2,"40":2,"43":1,"47":1,"50":1,"52":1,"55":2,"61":2,"62":2,"64":2,"70":1,"76":1,"82":2,"83":2,"85":2,"91":1,"98":1,"102":1,"105":1,"112":1,"119":1,"120":1,"123":1,"130":1,"131":1,"132":1,"133":1,"134":1,"135":1,"138":1,"143":2,"144":2,"147":1,"154":2,"155":2,"158":1,"165":2,"166":2,"169":1,"176":2,"177":2,"180":1,"187":1,"188":1,"192":1,"193":1}},"/home/travis/build/npmtest/node-npmtest-babel-eslint/lib.npmtest_babel_eslint.js":{"path":"/home/travis/build/npmtest/node-npmtest-babel-eslint/lib.npmtest_babel_eslint.js","s":{"1":2,"2":2,"3":2,"4":2,"5":2,"6":2,"7":2,"8":1,"9":2,"10":2,"11":2,"12":2,"13":1,"14":1,"15":1,"16":1},"b":{"1":[2,1,1,1],"2":[1,1,1,1],"3":[1,1],"4":[2,2],"5":[1,1]},"f":{"1":2,"2":2,"3":2},"fnMap":{"1":{"name":"(anonymous_1)","line":12,"loc":{"start":{"line":12,"column":1},"end":{"line":12,"column":13}}},"2":{"name":"(anonymous_2)","line":19,"loc":{"start":{"line":19,"column":5},"end":{"line":19,"column":17}}},"3":{"name":"(anonymous_3)","line":23,"loc":{"start":{"line":23,"column":24},"end":{"line":23,"column":36}}}},"statementMap":{"1":{"start":{"line":12,"column":0},"end":{"line":53,"column":5}},"2":{"start":{"line":14,"column":4},"end":{"line":14,"column":14}},"3":{"start":{"line":19,"column":4},"end":{"line":52,"column":9}},"4":{"start":{"line":21,"column":8},"end":{"line":21,"column":19}},"5":{"start":{"line":23,"column":8},"end":{"line":35,"column":13}},"6":{"start":{"line":24,"column":12},"end":{"line":34,"column":13}},"7":{"start":{"line":25,"column":16},"end":{"line":28,"column":30}},"8":{"start":{"line":30,"column":16},"end":{"line":33,"column":27}},"9":{"start":{"line":37,"column":8},"end":{"line":39,"column":21}},"10":{"start":{"line":41,"column":8},"end":{"line":41,"column":54}},"11":{"start":{"line":43,"column":8},"end":{"line":43,"column":57}},"12":{"start":{"line":45,"column":8},"end":{"line":51,"column":9}},"13":{"start":{"line":46,"column":12},"end":{"line":46,"column":63}},"14":{"start":{"line":48,"column":12},"end":{"line":48,"column":35}},"15":{"start":{"line":49,"column":12},"end":{"line":49,"column":49}},"16":{"start":{"line":50,"column":12},"end":{"line":50,"column":43}}},"branchMap":{"1":{"line":25,"type":"binary-expr","locations":[{"start":{"line":25,"column":23},"end":{"line":25,"column":62}},{"start":{"line":26,"column":20},"end":{"line":26,"column":70}},{"start":{"line":27,"column":20},"end":{"line":27,"column":71}},{"start":{"line":28,"column":20},"end":{"line":28,"column":29}}]},"2":{"line":30,"type":"binary-expr","locations":[{"start":{"line":30,"column":23},"end":{"line":30,"column":37}},{"start":{"line":31,"column":20},"end":{"line":31,"column":61}},{"start":{"line":32,"column":20},"end":{"line":32,"column":70}},{"start":{"line":33,"column":20},"end":{"line":33,"column":26}}]},"3":{"line":37,"type":"cond-expr","locations":[{"start":{"line":38,"column":14},"end":{"line":38,"column":20}},{"start":{"line":39,"column":14},"end":{"line":39,"column":20}}]},"4":{"line":41,"type":"binary-expr","locations":[{"start":{"line":41,"column":16},"end":{"line":41,"column":44}},{"start":{"line":41,"column":48},"end":{"line":41,"column":53}}]},"5":{"line":45,"type":"if","locations":[{"start":{"line":45,"column":8},"end":{"line":45,"column":8}},{"start":{"line":45,"column":8},"end":{"line":45,"column":8}}]}},"code":["/* istanbul instrument in package npmtest_babel_eslint */","/*jslint","    bitwise: true,","    browser: true,","    maxerr: 8,","    maxlen: 96,","    node: true,","    nomen: true,","    regexp: true,","    stupid: true","*/","(function () {","    'use strict';","    var local;","","","","    // run shared js-env code - pre-init","    (function () {","        // init local","        local = {};","        // init modeJs","        local.modeJs = (function () {","            try {","                return typeof navigator.userAgent === 'string' &&","                    typeof document.querySelector('body') === 'object' &&","                    typeof XMLHttpRequest.prototype.open === 'function' &&","                    'browser';","            } catch (errorCaughtBrowser) {","                return module.exports &&","                    typeof process.versions.node === 'string' &&","                    typeof require('http').createServer === 'function' &&","                    'node';","            }","        }());","        // init global","        local.global = local.modeJs === 'browser'","            ? window","            : global;","        // init utility2_rollup","        local = local.global.utility2_rollup || local;","        // init lib","        local.local = local.npmtest_babel_eslint = local;","        // init exports","        if (local.modeJs === 'browser') {","            local.global.utility2_npmtest_babel_eslint = local;","        } else {","            module.exports = local;","            module.exports.__dirname = __dirname;","            module.exports.module = module;","        }","    }());","}());",""],"l":{"12":2,"14":2,"19":2,"21":2,"23":2,"24":2,"25":2,"30":1,"37":2,"41":2,"43":2,"45":2,"46":1,"48":1,"49":1,"50":1}},"/home/travis/build/npmtest/node-npmtest-babel-eslint/example.js":{"path":"/home/travis/build/npmtest/node-npmtest-babel-eslint/example.js","s":{"1":2,"2":2,"3":2,"4":2,"5":2,"6":2,"7":2,"8":1,"9":2,"10":2,"11":2,"12":2,"13":1,"14":2,"15":2,"16":2,"17":2,"18":2,"19":0,"20":2,"21":1,"22":1,"23":1,"24":1,"25":1,"26":0,"27":0,"28":1,"29":1,"30":2,"31":0,"32":0,"33":0,"34":1,"35":2,"36":2,"37":3,"38":3,"39":3,"40":3,"41":0,"42":3,"43":3,"44":3,"45":1,"46":3,"47":1,"48":1,"49":1,"50":1,"51":1,"52":1,"53":1,"54":1,"55":1,"56":1,"57":0,"58":1,"59":6,"60":6,"61":1,"62":2,"63":0,"64":2,"65":1,"66":1,"67":0,"68":0,"69":0,"70":0,"71":0,"72":0,"73":0,"74":0,"75":0,"76":0,"77":0,"78":0,"79":0,"80":0,"81":0,"82":0,"83":0},"b":{"1":[2,1,1,1],"2":[1,1,1,1],"3":[1,1],"4":[2,2],"5":[1,1],"6":[1,1],"7":[2,0],"8":[2,1,1,1,1,1],"9":[0,2,0],"10":[1,1],"11":[2,1,1],"12":[1,0],"13":[0,2],"14":[2,0,0,0,0,0,0],"15":[0,3],"16":[3,0],"17":[1,1],"18":[0,1],"19":[1,2,0,2],"20":[1,0],"21":[1,1],"22":[0,0],"23":[0,0],"24":[0,0],"25":[0,0],"26":[0,0],"27":[0,0],"28":[0,0]},"f":{"1":2,"2":2,"3":2,"4":2,"5":2,"6":2,"7":3,"8":3,"9":3,"10":1,"11":6,"12":0},"fnMap":{"1":{"name":"(anonymous_1)","line":26,"loc":{"start":{"line":26,"column":1},"end":{"line":26,"column":13}}},"2":{"name":"(anonymous_2)","line":33,"loc":{"start":{"line":33,"column":5},"end":{"line":33,"column":17}}},"3":{"name":"(anonymous_3)","line":37,"loc":{"start":{"line":37,"column":24},"end":{"line":37,"column":36}}},"4":{"name":"(anonymous_4)","line":69,"loc":{"start":{"line":69,"column":31},"end":{"line":69,"column":48}},"skip":true},"5":{"name":"(anonymous_5)","line":78,"loc":{"start":{"line":78,"column":26},"end":{"line":78,"column":45}},"skip":true},"6":{"name":"(anonymous_6)","line":123,"loc":{"start":{"line":123,"column":33},"end":{"line":123,"column":48}},"skip":true},"7":{"name":"(anonymous_7)","line":125,"loc":{"start":{"line":125,"column":27},"end":{"line":125,"column":39}},"skip":true},"8":{"name":"(anonymous_8)","line":133,"loc":{"start":{"line":133,"column":59},"end":{"line":133,"column":74}},"skip":true},"9":{"name":"(anonymous_9)","line":143,"loc":{"start":{"line":143,"column":45},"end":{"line":143,"column":62}},"skip":true},"10":{"name":"(anonymous_10)","line":144,"loc":{"start":{"line":144,"column":73},"end":{"line":144,"column":92}},"skip":true},"11":{"name":"(anonymous_11)","line":272,"loc":{"start":{"line":272,"column":51},"end":{"line":272,"column":77}},"skip":true},"12":{"name":"(anonymous_12)","line":315,"loc":{"start":{"line":315,"column":32},"end":{"line":315,"column":61}},"skip":true}},"statementMap":{"1":{"start":{"line":26,"column":0},"end":{"line":326,"column":5}},"2":{"start":{"line":28,"column":4},"end":{"line":28,"column":14}},"3":{"start":{"line":33,"column":4},"end":{"line":60,"column":9}},"4":{"start":{"line":35,"column":8},"end":{"line":35,"column":19}},"5":{"start":{"line":37,"column":8},"end":{"line":49,"column":13}},"6":{"start":{"line":38,"column":12},"end":{"line":48,"column":13}},"7":{"start":{"line":39,"column":16},"end":{"line":42,"column":30}},"8":{"start":{"line":44,"column":16},"end":{"line":47,"column":27}},"9":{"start":{"line":51,"column":8},"end":{"line":53,"column":21}},"10":{"start":{"line":55,"column":8},"end":{"line":57,"column":45}},"11":{"start":{"line":59,"column":8},"end":{"line":59,"column":35}},"12":{"start":{"line":61,"column":4},"end":{"line":325,"column":5}},"13":{"start":{"line":69,"column":8},"end":{"line":121,"column":10},"skip":true},"14":{"start":{"line":70,"column":12},"end":{"line":88,"column":13},"skip":true},"15":{"start":{"line":76,"column":16},"end":{"line":87,"column":19},"skip":true},"16":{"start":{"line":79,"column":20},"end":{"line":86,"column":21},"skip":true},"17":{"start":{"line":82,"column":24},"end":{"line":82,"column":43},"skip":true},"18":{"start":{"line":83,"column":24},"end":{"line":83,"column":30},"skip":true},"19":{"start":{"line":85,"column":24},"end":{"line":85,"column":49},"skip":true},"20":{"start":{"line":89,"column":12},"end":{"line":107,"column":13},"skip":true},"21":{"start":{"line":92,"column":16},"end":{"line":102,"column":17},"skip":true},"22":{"start":{"line":93,"column":20},"end":{"line":93,"column":86},"skip":true},"23":{"start":{"line":94,"column":20},"end":{"line":95,"column":45},"skip":true},"24":{"start":{"line":96,"column":20},"end":{"line":96,"column":42},"skip":true},"25":{"start":{"line":97,"column":20},"end":{"line":97,"column":48},"skip":true},"26":{"start":{"line":100,"column":20},"end":{"line":100,"column":85},"skip":true},"27":{"start":{"line":101,"column":20},"end":{"line":101,"column":96},"skip":true},"28":{"start":{"line":103,"column":16},"end":{"line":103,"column":22},"skip":true},"29":{"start":{"line":106,"column":16},"end":{"line":106,"column":22},"skip":true},"30":{"start":{"line":108,"column":12},"end":{"line":120,"column":13},"skip":true},"31":{"start":{"line":114,"column":16},"end":{"line":119,"column":17},"skip":true},"32":{"start":{"line":116,"column":20},"end":{"line":116,"column":78},"skip":true},"33":{"start":{"line":118,"column":20},"end":{"line":118,"column":47},"skip":true},"34":{"start":{"line":123,"column":8},"end":{"line":141,"column":11},"skip":true},"35":{"start":{"line":124,"column":12},"end":{"line":124,"column":54},"skip":true},"36":{"start":{"line":125,"column":12},"end":{"line":140,"column":14},"skip":true},"37":{"start":{"line":126,"column":16},"end":{"line":126,"column":28},"skip":true},"38":{"start":{"line":127,"column":16},"end":{"line":127,"column":69},"skip":true},"39":{"start":{"line":128,"column":16},"end":{"line":128,"column":75},"skip":true},"40":{"start":{"line":129,"column":16},"end":{"line":131,"column":17},"skip":true},"41":{"start":{"line":130,"column":20},"end":{"line":130,"column":27},"skip":true},"42":{"start":{"line":133,"column":16},"end":{"line":137,"column":36},"skip":true},"43":{"start":{"line":134,"column":20},"end":{"line":136,"column":55},"skip":true},"44":{"start":{"line":139,"column":16},"end":{"line":139,"column":57},"skip":true},"45":{"start":{"line":143,"column":8},"end":{"line":147,"column":11},"skip":true},"46":{"start":{"line":144,"column":12},"end":{"line":146,"column":15},"skip":true},"47":{"start":{"line":145,"column":16},"end":{"line":145,"column":70},"skip":true},"48":{"start":{"line":149,"column":8},"end":{"line":149,"column":31},"skip":true},"49":{"start":{"line":150,"column":8},"end":{"line":150,"column":14},"skip":true},"50":{"start":{"line":158,"column":8},"end":{"line":158,"column":31},"skip":true},"51":{"start":{"line":160,"column":8},"end":{"line":160,"column":33},"skip":true},"52":{"start":{"line":161,"column":8},"end":{"line":161,"column":37},"skip":true},"53":{"start":{"line":162,"column":8},"end":{"line":162,"column":35},"skip":true},"54":{"start":{"line":164,"column":8},"end":{"line":164,"column":50},"skip":true},"55":{"start":{"line":166,"column":8},"end":{"line":256,"column":2},"skip":true},"56":{"start":{"line":258,"column":8},"end":{"line":286,"column":9},"skip":true},"57":{"start":{"line":259,"column":12},"end":{"line":269,"column":14},"skip":true},"58":{"start":{"line":271,"column":12},"end":{"line":285,"column":19},"skip":true},"59":{"start":{"line":274,"column":20},"end":{"line":274,"column":35},"skip":true},"60":{"start":{"line":275,"column":20},"end":{"line":284,"column":21},"skip":true},"61":{"start":{"line":277,"column":24},"end":{"line":277,"column":64},"skip":true},"62":{"start":{"line":279,"column":24},"end":{"line":279,"column":40},"skip":true},"63":{"start":{"line":281,"column":24},"end":{"line":281,"column":40},"skip":true},"64":{"start":{"line":283,"column":24},"end":{"line":283,"column":39},"skip":true},"65":{"start":{"line":288,"column":8},"end":{"line":290,"column":9},"skip":true},"66":{"start":{"line":289,"column":12},"end":{"line":289,"column":18},"skip":true},"67":{"start":{"line":291,"column":8},"end":{"line":293,"column":54},"skip":true},"68":{"start":{"line":296,"column":8},"end":{"line":301,"column":37},"skip":true},"69":{"start":{"line":303,"column":8},"end":{"line":303,"column":82},"skip":true},"70":{"start":{"line":306,"column":8},"end":{"line":308,"column":9},"skip":true},"71":{"start":{"line":307,"column":12},"end":{"line":307,"column":82},"skip":true},"72":{"start":{"line":310,"column":8},"end":{"line":312,"column":9},"skip":true},"73":{"start":{"line":311,"column":12},"end":{"line":311,"column":18},"skip":true},"74":{"start":{"line":313,"column":8},"end":{"line":313,"column":54},"skip":true},"75":{"start":{"line":314,"column":8},"end":{"line":314,"column":69},"skip":true},"76":{"start":{"line":315,"column":8},"end":{"line":323,"column":36},"skip":true},"77":{"start":{"line":316,"column":12},"end":{"line":316,"column":61},"skip":true},"78":{"start":{"line":317,"column":12},"end":{"line":320,"column":13},"skip":true},"79":{"start":{"line":318,"column":16},"end":{"line":318,"column":75},"skip":true},"80":{"start":{"line":319,"column":16},"end":{"line":319,"column":23},"skip":true},"81":{"start":{"line":321,"column":12},"end":{"line":321,"column":38},"skip":true},"82":{"start":{"line":322,"column":12},"end":{"line":322,"column":27},"skip":true},"83":{"start":{"line":324,"column":8},"end":{"line":324,"column":14},"skip":true}},"branchMap":{"1":{"line":39,"type":"binary-expr","locations":[{"start":{"line":39,"column":23},"end":{"line":39,"column":62}},{"start":{"line":40,"column":20},"end":{"line":40,"column":70}},{"start":{"line":41,"column":20},"end":{"line":41,"column":71}},{"start":{"line":42,"column":20},"end":{"line":42,"column":29}}]},"2":{"line":44,"type":"binary-expr","locations":[{"start":{"line":44,"column":23},"end":{"line":44,"column":37}},{"start":{"line":45,"column":20},"end":{"line":45,"column":61}},{"start":{"line":46,"column":20},"end":{"line":46,"column":70}},{"start":{"line":47,"column":20},"end":{"line":47,"column":26}}]},"3":{"line":51,"type":"cond-expr","locations":[{"start":{"line":52,"column":14},"end":{"line":52,"column":20}},{"start":{"line":53,"column":14},"end":{"line":53,"column":20}}]},"4":{"line":55,"type":"binary-expr","locations":[{"start":{"line":55,"column":16},"end":{"line":55,"column":44}},{"start":{"line":55,"column":49},"end":{"line":57,"column":43}}]},"5":{"line":55,"type":"cond-expr","locations":[{"start":{"line":56,"column":14},"end":{"line":56,"column":56}},{"start":{"line":57,"column":14},"end":{"line":57,"column":43}}]},"6":{"line":61,"type":"switch","locations":[{"start":{"line":68,"column":4},"end":{"line":150,"column":14},"skip":true},{"start":{"line":156,"column":4},"end":{"line":324,"column":14},"skip":true}]},"7":{"line":70,"type":"if","locations":[{"start":{"line":70,"column":12},"end":{"line":70,"column":12},"skip":true},{"start":{"line":70,"column":12},"end":{"line":70,"column":12},"skip":true}]},"8":{"line":70,"type":"binary-expr","locations":[{"start":{"line":70,"column":16},"end":{"line":70,"column":22},"skip":true},{"start":{"line":70,"column":27},"end":{"line":70,"column":32},"skip":true},{"start":{"line":71,"column":20},"end":{"line":71,"column":39},"skip":true},{"start":{"line":72,"column":20},"end":{"line":72,"column":49},"skip":true},{"start":{"line":73,"column":20},"end":{"line":73,"column":58},"skip":true},{"start":{"line":74,"column":20},"end":{"line":74,"column":69},"skip":true}]},"9":{"line":79,"type":"switch","locations":[{"start":{"line":80,"column":20},"end":{"line":80,"column":33},"skip":true},{"start":{"line":81,"column":20},"end":{"line":83,"column":30},"skip":true},{"start":{"line":84,"column":20},"end":{"line":85,"column":49},"skip":true}]},"10":{"line":89,"type":"switch","locations":[{"start":{"line":90,"column":12},"end":{"line":103,"column":22},"skip":true},{"start":{"line":105,"column":12},"end":{"line":106,"column":22},"skip":true}]},"11":{"line":89,"type":"binary-expr","locations":[{"start":{"line":89,"column":20},"end":{"line":89,"column":25},"skip":true},{"start":{"line":89,"column":29},"end":{"line":89,"column":48},"skip":true},{"start":{"line":89,"column":52},"end":{"line":89,"column":74},"skip":true}]},"12":{"line":92,"type":"if","locations":[{"start":{"line":92,"column":16},"end":{"line":92,"column":16},"skip":true},{"start":{"line":92,"column":16},"end":{"line":92,"column":16},"skip":true}]},"13":{"line":108,"type":"if","locations":[{"start":{"line":108,"column":12},"end":{"line":108,"column":12},"skip":true},{"start":{"line":108,"column":12},"end":{"line":108,"column":12},"skip":true}]},"14":{"line":108,"type":"binary-expr","locations":[{"start":{"line":108,"column":16},"end":{"line":108,"column":61},"skip":true},{"start":{"line":108,"column":66},"end":{"line":108,"column":72},"skip":true},{"start":{"line":108,"column":77},"end":{"line":108,"column":82},"skip":true},{"start":{"line":109,"column":20},"end":{"line":109,"column":39},"skip":true},{"start":{"line":110,"column":20},"end":{"line":110,"column":49},"skip":true},{"start":{"line":111,"column":20},"end":{"line":111,"column":58},"skip":true},{"start":{"line":112,"column":20},"end":{"line":112,"column":68},"skip":true}]},"15":{"line":129,"type":"if","locations":[{"start":{"line":129,"column":16},"end":{"line":129,"column":16},"skip":true},{"start":{"line":129,"column":16},"end":{"line":129,"column":16},"skip":true}]},"16":{"line":134,"type":"cond-expr","locations":[{"start":{"line":135,"column":26},"end":{"line":135,"column":29},"skip":true},{"start":{"line":136,"column":26},"end":{"line":136,"column":54},"skip":true}]},"17":{"line":164,"type":"binary-expr","locations":[{"start":{"line":164,"column":27},"end":{"line":164,"column":43},"skip":true},{"start":{"line":164,"column":47},"end":{"line":164,"column":49},"skip":true}]},"18":{"line":258,"type":"if","locations":[{"start":{"line":258,"column":8},"end":{"line":258,"column":8},"skip":true},{"start":{"line":258,"column":8},"end":{"line":258,"column":8},"skip":true}]},"19":{"line":275,"type":"switch","locations":[{"start":{"line":276,"column":20},"end":{"line":277,"column":64},"skip":true},{"start":{"line":278,"column":20},"end":{"line":279,"column":40},"skip":true},{"start":{"line":280,"column":20},"end":{"line":281,"column":40},"skip":true},{"start":{"line":282,"column":20},"end":{"line":283,"column":39},"skip":true}]},"20":{"line":288,"type":"if","locations":[{"start":{"line":288,"column":8},"end":{"line":288,"column":8},"skip":true},{"start":{"line":288,"column":8},"end":{"line":288,"column":8},"skip":true}]},"21":{"line":288,"type":"binary-expr","locations":[{"start":{"line":288,"column":12},"end":{"line":288,"column":40},"skip":true},{"start":{"line":288,"column":44},"end":{"line":288,"column":67},"skip":true}]},"22":{"line":292,"type":"binary-expr","locations":[{"start":{"line":292,"column":12},"end":{"line":292,"column":50},"skip":true},{"start":{"line":293,"column":12},"end":{"line":293,"column":53},"skip":true}]},"23":{"line":297,"type":"binary-expr","locations":[{"start":{"line":297,"column":12},"end":{"line":297,"column":70},"skip":true},{"start":{"line":298,"column":12},"end":{"line":301,"column":36},"skip":true}]},"24":{"line":303,"type":"binary-expr","locations":[{"start":{"line":303,"column":43},"end":{"line":303,"column":75},"skip":true},{"start":{"line":303,"column":79},"end":{"line":303,"column":81},"skip":true}]},"25":{"line":306,"type":"if","locations":[{"start":{"line":306,"column":8},"end":{"line":306,"column":8},"skip":true},{"start":{"line":306,"column":8},"end":{"line":306,"column":8},"skip":true}]},"26":{"line":310,"type":"if","locations":[{"start":{"line":310,"column":8},"end":{"line":310,"column":8},"skip":true},{"start":{"line":310,"column":8},"end":{"line":310,"column":8},"skip":true}]},"27":{"line":313,"type":"binary-expr","locations":[{"start":{"line":313,"column":27},"end":{"line":313,"column":43},"skip":true},{"start":{"line":313,"column":47},"end":{"line":313,"column":53},"skip":true}]},"28":{"line":317,"type":"if","locations":[{"start":{"line":317,"column":12},"end":{"line":317,"column":12},"skip":true},{"start":{"line":317,"column":12},"end":{"line":317,"column":12},"skip":true}]}},"code":["/*","example.js","","quickstart example","","instruction","    1. save this script as example.js","    2. run the shell command:","        $ npm install npmtest-babel-eslint && PORT=8081 node example.js","    3. play with the browser-demo on http://127.0.0.1:8081","*/","","","","/* istanbul instrument in package npmtest_babel_eslint */","/*jslint","    bitwise: true,","    browser: true,","    maxerr: 8,","    maxlen: 96,","    node: true,","    nomen: true,","    regexp: true,","    stupid: true","*/","(function () {","    'use strict';","    var local;","","","","    // run shared js-env code - pre-init","    (function () {","        // init local","        local = {};","        // init modeJs","        local.modeJs = (function () {","            try {","                return typeof navigator.userAgent === 'string' &&","                    typeof document.querySelector('body') === 'object' &&","                    typeof XMLHttpRequest.prototype.open === 'function' &&","                    'browser';","            } catch (errorCaughtBrowser) {","                return module.exports &&","                    typeof process.versions.node === 'string' &&","                    typeof require('http').createServer === 'function' &&","                    'node';","            }","        }());","        // init global","        local.global = local.modeJs === 'browser'","            ? window","            : global;","        // init utility2_rollup","        local = local.global.utility2_rollup || (local.modeJs === 'browser'","            ? local.global.utility2_npmtest_babel_eslint","            : global.utility2_moduleExports);","        // export local","        local.global.local = local;","    }());","    switch (local.modeJs) {","","","","    // post-init","    // run browser js-env code - post-init","    /* istanbul ignore next */","    case 'browser':","        local.testRunBrowser = function (event) {","            if (!event || (event &&","                    event.currentTarget &&","                    event.currentTarget.className &&","                    event.currentTarget.className.includes &&","                    event.currentTarget.className.includes('onreset'))) {","                // reset output","                Array.from(","                    document.querySelectorAll('body > .resettable')","                ).forEach(function (element) {","                    switch (element.tagName) {","                    case 'INPUT':","                    case 'TEXTAREA':","                        element.value = '';","                        break;","                    default:","                        element.textContent = '';","                    }","                });","            }","            switch (event && event.currentTarget && event.currentTarget.id) {","            case 'testRunButton1':","                // show tests","                if (document.querySelector('#testReportDiv1').style.display === 'none') {","                    document.querySelector('#testReportDiv1').style.display = 'block';","                    document.querySelector('#testRunButton1').textContent =","                        'hide internal test';","                    local.modeTest = true;","                    local.testRunDefault(local);","                // hide tests","                } else {","                    document.querySelector('#testReportDiv1').style.display = 'none';","                    document.querySelector('#testRunButton1').textContent = 'run internal test';","                }","                break;","            // custom-case","            default:","                break;","            }","            if (document.querySelector('#inputTextareaEval1') && (!event || (event &&","                    event.currentTarget &&","                    event.currentTarget.className &&","                    event.currentTarget.className.includes &&","                    event.currentTarget.className.includes('oneval')))) {","                // try to eval input-code","                try {","                    /*jslint evil: true*/","                    eval(document.querySelector('#inputTextareaEval1').value);","                } catch (errorCaught) {","                    console.error(errorCaught);","                }","            }","        };","        // log stderr and stdout to #outputTextareaStdout1","        ['error', 'log'].forEach(function (key) {","            console[key + '_original'] = console[key];","            console[key] = function () {","                var element;","                console[key + '_original'].apply(console, arguments);","                element = document.querySelector('#outputTextareaStdout1');","                if (!element) {","                    return;","                }","                // append text to #outputTextareaStdout1","                element.value += Array.from(arguments).map(function (arg) {","                    return typeof arg === 'string'","                        ? arg","                        : JSON.stringify(arg, null, 4);","                }).join(' ') + '\\n';","                // scroll textarea to bottom","                element.scrollTop = element.scrollHeight;","            };","        });","        // init event-handling","        ['change', 'click', 'keyup'].forEach(function (event) {","            Array.from(document.querySelectorAll('.on' + event)).forEach(function (element) {","                element.addEventListener(event, local.testRunBrowser);","            });","        });","        // run tests","        local.testRunBrowser();","        break;","","","","    // run node js-env code - post-init","    /* istanbul ignore next */","    case 'node':","        // export local","        module.exports = local;","        // require modules","        local.fs = require('fs');","        local.http = require('http');","        local.url = require('url');","        // init assets","        local.assetsDict = local.assetsDict || {};","        /* jslint-ignore-begin */","        local.assetsDict['/assets.index.template.html'] = '\\","<!doctype html>\\n\\","<html lang=\"en\">\\n\\","<head>\\n\\","<meta charset=\"UTF-8\">\\n\\","<meta name=\"viewport\" content=\"width=device-width, initial-scale=1\">\\n\\","<title>{{env.npm_package_name}} (v{{env.npm_package_version}})</title>\\n\\","<style>\\n\\","/*csslint\\n\\","    box-sizing: false,\\n\\","    universal-selector: false\\n\\","*/\\n\\","* {\\n\\","    box-sizing: border-box;\\n\\","}\\n\\","body {\\n\\","    background: #dde;\\n\\","    font-family: Arial, Helvetica, sans-serif;\\n\\","    margin: 2rem;\\n\\","}\\n\\","body > * {\\n\\","    margin-bottom: 1rem;\\n\\","}\\n\\",".utility2FooterDiv {\\n\\","    margin-top: 20px;\\n\\","    text-align: center;\\n\\","}\\n\\","</style>\\n\\","<style>\\n\\","/*csslint\\n\\","*/\\n\\","textarea {\\n\\","    font-family: monospace;\\n\\","    height: 10rem;\\n\\","    width: 100%;\\n\\","}\\n\\","textarea[readonly] {\\n\\","    background: #ddd;\\n\\","}\\n\\","</style>\\n\\","</head>\\n\\","<body>\\n\\","<!-- utility2-comment\\n\\","<div id=\"ajaxProgressDiv1\" style=\"background: #d00; height: 2px; left: 0; margin: 0; padding: 0; position: fixed; top: 0; transition: background 0.5s, width 1.5s; width: 25%;\"></div>\\n\\","utility2-comment -->\\n\\","<h1>\\n\\","<!-- utility2-comment\\n\\","    <a\\n\\","        {{#if env.npm_package_homepage}}\\n\\","        href=\"{{env.npm_package_homepage}}\"\\n\\","        {{/if env.npm_package_homepage}}\\n\\","        target=\"_blank\"\\n\\","    >\\n\\","utility2-comment -->\\n\\","        {{env.npm_package_name}} (v{{env.npm_package_version}})\\n\\","<!-- utility2-comment\\n\\","    </a>\\n\\","utility2-comment -->\\n\\","</h1>\\n\\","<h3>{{env.npm_package_description}}</h3>\\n\\","<!-- utility2-comment\\n\\","<h4><a download href=\"assets.app.js\">download standalone app</a></h4>\\n\\","<button class=\"onclick onreset\" id=\"testRunButton1\">run internal test</button><br>\\n\\","<div id=\"testReportDiv1\" style=\"display: none;\"></div>\\n\\","utility2-comment -->\\n\\","\\n\\","\\n\\","\\n\\","<label>stderr and stdout</label>\\n\\","<textarea class=\"resettable\" id=\"outputTextareaStdout1\" readonly></textarea>\\n\\","<!-- utility2-comment\\n\\","{{#if isRollup}}\\n\\","<script src=\"assets.app.js\"></script>\\n\\","{{#unless isRollup}}\\n\\","utility2-comment -->\\n\\","<script src=\"assets.utility2.rollup.js\"></script>\\n\\","<script src=\"jsonp.utility2._stateInit?callback=window.utility2._stateInit\"></script>\\n\\","<script src=\"assets.npmtest_babel_eslint.rollup.js\"></script>\\n\\","<script src=\"assets.example.js\"></script>\\n\\","<script src=\"assets.test.js\"></script>\\n\\","<!-- utility2-comment\\n\\","{{/if isRollup}}\\n\\","utility2-comment -->\\n\\","<div class=\"utility2FooterDiv\">\\n\\","    [ this app was created with\\n\\","    <a href=\"https://github.com/kaizhu256/node-utility2\" target=\"_blank\">utility2</a>\\n\\","    ]\\n\\","</div>\\n\\","</body>\\n\\","</html>\\n\\","';","        /* jslint-ignore-end */","        if (local.templateRender) {","            local.assetsDict['/'] = local.templateRender(","                local.assetsDict['/assets.index.template.html'],","                {","                    env: local.objectSetDefault(local.env, {","                        npm_package_description: 'the greatest app in the world!',","                        npm_package_name: 'my-app',","                        npm_package_nameAlias: 'my_app',","                        npm_package_version: '0.0.1'","                    })","                }","            );","        } else {","            local.assetsDict['/'] = local.assetsDict['/assets.index.template.html']","                .replace((/\\{\\{env\\.(\\w+?)\\}\\}/g), function (match0, match1) {","                    // jslint-hack","                    String(match0);","                    switch (match1) {","                    case 'npm_package_description':","                        return 'the greatest app in the world!';","                    case 'npm_package_name':","                        return 'my-app';","                    case 'npm_package_nameAlias':","                        return 'my_app';","                    case 'npm_package_version':","                        return '0.0.1';","                    }","                });","        }","        // run the cli","        if (local.global.utility2_rollup || module !== require.main) {","            break;","        }","        local.assetsDict['/assets.example.js'] =","            local.assetsDict['/assets.example.js'] ||","            local.fs.readFileSync(__filename, 'utf8');","        // bug-workaround - long $npm_package_buildCustomOrg","        /* jslint-ignore-begin */","        local.assetsDict['/assets.npmtest_babel_eslint.rollup.js'] =","            local.assetsDict['/assets.npmtest_babel_eslint.rollup.js'] ||","            local.fs.readFileSync(","                local.npmtest_babel_eslint.__dirname + '/lib.npmtest_babel_eslint.js',","                'utf8'","            ).replace((/^#!/), '//');","        /* jslint-ignore-end */","        local.assetsDict['/favicon.ico'] = local.assetsDict['/favicon.ico'] || '';","        // if $npm_config_timeout_exit exists,","        // then exit this process after $npm_config_timeout_exit ms","        if (Number(process.env.npm_config_timeout_exit)) {","            setTimeout(process.exit, Number(process.env.npm_config_timeout_exit));","        }","        // start server","        if (local.global.utility2_serverHttp1) {","            break;","        }","        process.env.PORT = process.env.PORT || '8081';","        console.error('server starting on port ' + process.env.PORT);","        local.http.createServer(function (request, response) {","            request.urlParsed = local.url.parse(request.url);","            if (local.assetsDict[request.urlParsed.pathname] !== undefined) {","                response.end(local.assetsDict[request.urlParsed.pathname]);","                return;","            }","            response.statusCode = 404;","            response.end();","        }).listen(process.env.PORT);","        break;","    }","}());",""],"l":{"26":2,"28":2,"33":2,"35":2,"37":2,"38":2,"39":2,"44":1,"51":2,"55":2,"59":2,"61":2,"69":1,"70":2,"76":2,"79":2,"82":2,"83":2,"85":1,"89":2,"92":1,"93":1,"94":1,"96":1,"97":1,"100":1,"101":1,"103":1,"106":1,"108":2,"114":1,"116":1,"118":1,"123":1,"124":2,"125":2,"126":3,"127":3,"128":3,"129":3,"130":1,"133":3,"134":3,"139":3,"143":1,"144":3,"145":1,"149":1,"150":1,"158":1,"160":1,"161":1,"162":1,"164":1,"166":1,"258":1,"259":1,"271":1,"274":6,"275":6,"277":1,"279":2,"281":1,"283":2,"288":1,"289":1,"291":1,"296":1,"303":1,"306":1,"307":1,"310":1,"311":1,"313":1,"314":1,"315":1,"316":1,"317":1,"318":1,"319":1,"321":1,"322":1,"324":1}},"/home/travis/build/npmtest/node-npmtest-babel-eslint/node_modules/babel-eslint/index.js":{"path":"/home/travis/build/npmtest/node-npmtest-babel-eslint/node_modules/babel-eslint/index.js","s":{"1":1,"2":1,"3":1,"4":1,"5":1,"6":1,"7":1,"8":1,"9":1,"10":1,"11":1,"12":0,"13":0,"14":0,"15":0,"16":0,"17":0,"18":0,"19":0,"20":0,"21":0,"22":0,"23":0,"24":0,"25":0,"26":0,"27":0,"28":0,"29":0,"30":0,"31":1,"32":0,"33":0,"34":0,"35":0,"36":0,"37":0,"38":0,"39":0,"40":0,"41":0,"42":0,"43":0,"44":0,"45":0,"46":0,"47":1,"48":0,"49":0,"50":0,"51":0,"52":0,"53":0,"54":0,"55":0,"56":0,"57":0,"58":0,"59":0,"60":1,"61":0,"62":0,"63":0,"64":0,"65":0,"66":0,"67":0,"68":0,"69":0,"70":0,"71":0,"72":0,"73":0,"74":0,"75":0,"76":0,"77":0,"78":0,"79":0,"80":0,"81":0,"82":0,"83":0,"84":0,"85":0,"86":0,"87":0,"88":0,"89":1,"90":0,"91":0,"92":0,"93":0,"94":0,"95":1,"96":0,"97":0,"98":0,"99":0,"100":0,"101":0,"102":0,"103":0,"104":0,"105":0,"106":0,"107":0,"108":0,"109":0,"110":0,"111":0,"112":0,"113":0,"114":0,"115":0,"116":0,"117":0,"118":0,"119":0,"120":0,"121":0,"122":0,"123":0,"124":0,"125":0,"126":0,"127":0,"128":0,"129":0,"130":0,"131":0,"132":0,"133":0,"134":0,"135":0,"136":0,"137":0,"138":0,"139":0,"140":0,"141":0,"142":0,"143":0,"144":0,"145":0,"146":0,"147":0,"148":0,"149":0,"150":0,"151":0,"152":0,"153":0,"154":0,"155":0,"156":0,"157":0,"158":0,"159":0,"160":0,"161":0,"162":0,"163":1,"164":0,"165":0,"166":0,"167":0,"168":0,"169":0,"170":0,"171":0,"172":0,"173":0,"174":0,"175":0,"176":0,"177":0,"178":0,"179":0,"180":0,"181":0,"182":0,"183":0,"184":0,"185":0,"186":0,"187":0,"188":0,"189":0,"190":0,"191":0,"192":1,"193":0,"194":0,"195":0,"196":0,"197":0,"198":0,"199":0,"200":0,"201":0,"202":0,"203":0,"204":0,"205":0,"206":0,"207":1,"208":0,"209":0,"210":0,"211":0,"212":0,"213":0,"214":0,"215":0,"216":0,"217":0,"218":0,"219":0,"220":0,"221":0},"b":{"1":[0,0],"2":[0,0],"3":[0,0],"4":[0,0],"5":[0,0],"6":[0,0],"7":[0,0],"8":[0,0],"9":[0,0],"10":[0,0],"11":[0,0],"12":[0,0],"13":[0,0],"14":[0,0],"15":[0,0],"16":[0,0],"17":[0,0],"18":[0,0],"19":[0,0],"20":[0,0],"21":[0,0],"22":[0,0],"23":[0,0],"24":[0,0],"25":[0,0],"26":[0,0],"27":[0,0],"28":[0,0],"29":[0,0],"30":[0,0],"31":[0,0],"32":[0,0],"33":[0,0],"34":[0,0],"35":[0,0],"36":[0,0],"37":[0,0],"38":[0,0],"39":[0,0],"40":[0,0],"41":[0,0],"42":[0,0],"43":[0,0],"44":[0,0],"45":[0,0],"46":[0,0],"47":[0,0],"48":[0,0],"49":[0,0],"50":[0,0],"51":[0,0],"52":[0,0]},"f":{"1":0,"2":0,"3":0,"4":0,"5":0,"6":0,"7":0,"8":0,"9":0,"10":0,"11":0,"12":0,"13":0,"14":0,"15":0,"16":0,"17":0,"18":0,"19":0,"20":0},"fnMap":{"1":{"name":"getModules","line":13,"loc":{"start":{"line":13,"column":0},"end":{"line":13,"column":22}}},"2":{"name":"monkeypatch","line":53,"loc":{"start":{"line":53,"column":0},"end":{"line":53,"column":30}}},"3":{"name":"(anonymous_3)","line":64,"loc":{"start":{"line":64,"column":19},"end":{"line":64,"column":40}}},"4":{"name":"visitDecorators","line":76,"loc":{"start":{"line":76,"column":2},"end":{"line":76,"column":33}}},"5":{"name":"(anonymous_5)","line":98,"loc":{"start":{"line":98,"column":58},"end":{"line":98,"column":77}}},"6":{"name":"visitTypeAnnotation","line":125,"loc":{"start":{"line":125,"column":2},"end":{"line":125,"column":37}}},"7":{"name":"checkIdentifierOrVisit","line":172,"loc":{"start":{"line":172,"column":2},"end":{"line":172,"column":40}}},"8":{"name":"nestTypeParamScope","line":182,"loc":{"start":{"line":182,"column":2},"end":{"line":182,"column":45}}},"9":{"name":"(anonymous_9)","line":193,"loc":{"start":{"line":193,"column":21},"end":{"line":193,"column":32}}},"10":{"name":"(anonymous_10)","line":201,"loc":{"start":{"line":201,"column":36},"end":{"line":201,"column":51}}},"11":{"name":"(anonymous_11)","line":226,"loc":{"start":{"line":226,"column":39},"end":{"line":226,"column":54}}},"12":{"name":"(anonymous_12)","line":235,"loc":{"start":{"line":235,"column":39},"end":{"line":235,"column":54}}},"13":{"name":"(anonymous_13)","line":244,"loc":{"start":{"line":244,"column":39},"end":{"line":244,"column":54}}},"14":{"name":"(anonymous_14)","line":280,"loc":{"start":{"line":280,"column":45},"end":{"line":280,"column":60}}},"15":{"name":"createScopeVariable","line":293,"loc":{"start":{"line":293,"column":2},"end":{"line":293,"column":44}}},"16":{"name":"(anonymous_16)","line":306,"loc":{"start":{"line":306,"column":46},"end":{"line":306,"column":61}}},"17":{"name":"(anonymous_17)","line":322,"loc":{"start":{"line":322,"column":35},"end":{"line":322,"column":50}}},"18":{"name":"(anonymous_18)","line":339,"loc":{"start":{"line":339,"column":38},"end":{"line":339,"column":53}}},"19":{"name":"(anonymous_19)","line":354,"loc":{"start":{"line":354,"column":16},"end":{"line":354,"column":41}}},"20":{"name":"(anonymous_20)","line":378,"loc":{"start":{"line":378,"column":23},"end":{"line":378,"column":48}}}},"statementMap":{"1":{"start":{"line":1,"column":0},"end":{"line":1,"column":53}},"2":{"start":{"line":2,"column":0},"end":{"line":2,"column":40}},"3":{"start":{"line":3,"column":0},"end":{"line":3,"column":38}},"4":{"start":{"line":4,"column":0},"end":{"line":4,"column":47}},"5":{"start":{"line":5,"column":0},"end":{"line":5,"column":45}},"6":{"start":{"line":6,"column":0},"end":{"line":6,"column":50}},"7":{"start":{"line":7,"column":0},"end":{"line":7,"column":56}},"8":{"start":{"line":8,"column":0},"end":{"line":8,"column":50}},"9":{"start":{"line":10,"column":0},"end":{"line":10,"column":23}},"10":{"start":{"line":11,"column":0},"end":{"line":11,"column":23}},"11":{"start":{"line":13,"column":0},"end":{"line":51,"column":1}},"12":{"start":{"line":14,"column":2},"end":{"line":24,"column":3}},"13":{"start":{"line":16,"column":4},"end":{"line":16,"column":69}},"14":{"start":{"line":18,"column":4},"end":{"line":23,"column":5}},"15":{"start":{"line":20,"column":6},"end":{"line":20,"column":44}},"16":{"start":{"line":22,"column":6},"end":{"line":22,"column":58}},"17":{"start":{"line":27,"column":2},"end":{"line":27,"column":40}},"18":{"start":{"line":28,"column":2},"end":{"line":28,"column":33}},"19":{"start":{"line":29,"column":2},"end":{"line":29,"column":69}},"20":{"start":{"line":31,"column":2},"end":{"line":39,"column":3}},"21":{"start":{"line":32,"column":4},"end":{"line":32,"column":51}},"22":{"start":{"line":33,"column":4},"end":{"line":33,"column":81}},"23":{"start":{"line":34,"column":4},"end":{"line":34,"column":70}},"24":{"start":{"line":36,"column":4},"end":{"line":36,"column":42}},"25":{"start":{"line":37,"column":4},"end":{"line":37,"column":71}},"26":{"start":{"line":38,"column":4},"end":{"line":38,"column":60}},"27":{"start":{"line":41,"column":2},"end":{"line":41,"column":51}},"28":{"start":{"line":43,"column":2},"end":{"line":43,"column":61}},"29":{"start":{"line":43,"column":29},"end":{"line":43,"column":61}},"30":{"start":{"line":45,"column":2},"end":{"line":50,"column":4}},"31":{"start":{"line":53,"column":0},"end":{"line":352,"column":1}},"32":{"start":{"line":54,"column":2},"end":{"line":54,"column":38}},"33":{"start":{"line":55,"column":2},"end":{"line":55,"column":30}},"34":{"start":{"line":56,"column":2},"end":{"line":56,"column":38}},"35":{"start":{"line":57,"column":2},"end":{"line":57,"column":38}},"36":{"start":{"line":59,"column":2},"end":{"line":59,"column":56}},"37":{"start":{"line":60,"column":2},"end":{"line":60,"column":61}},"38":{"start":{"line":61,"column":2},"end":{"line":61,"column":53}},"39":{"start":{"line":63,"column":2},"end":{"line":63,"column":31}},"40":{"start":{"line":64,"column":2},"end":{"line":73,"column":4}},"41":{"start":{"line":65,"column":4},"end":{"line":65,"column":49}},"42":{"start":{"line":66,"column":4},"end":{"line":66,"column":47}},"43":{"start":{"line":67,"column":4},"end":{"line":69,"column":5}},"44":{"start":{"line":68,"column":6},"end":{"line":68,"column":52}},"45":{"start":{"line":71,"column":4},"end":{"line":71,"column":48}},"46":{"start":{"line":72,"column":4},"end":{"line":72,"column":19}},"47":{"start":{"line":76,"column":2},"end":{"line":85,"column":3}},"48":{"start":{"line":77,"column":4},"end":{"line":79,"column":5}},"49":{"start":{"line":78,"column":6},"end":{"line":78,"column":13}},"50":{"start":{"line":80,"column":4},"end":{"line":84,"column":5}},"51":{"start":{"line":81,"column":6},"end":{"line":83,"column":7}},"52":{"start":{"line":82,"column":8},"end":{"line":82,"column":39}},"53":{"start":{"line":88,"column":2},"end":{"line":97,"column":5}},"54":{"start":{"line":98,"column":2},"end":{"line":104,"column":9}},"55":{"start":{"line":99,"column":4},"end":{"line":99,"column":36}},"56":{"start":{"line":100,"column":4},"end":{"line":102,"column":5}},"57":{"start":{"line":101,"column":6},"end":{"line":101,"column":23}},"58":{"start":{"line":103,"column":4},"end":{"line":103,"column":15}},"59":{"start":{"line":106,"column":2},"end":{"line":123,"column":4}},"60":{"start":{"line":125,"column":2},"end":{"line":170,"column":3}},"61":{"start":{"line":127,"column":4},"end":{"line":127,"column":50}},"62":{"start":{"line":128,"column":4},"end":{"line":130,"column":5}},"63":{"start":{"line":129,"column":6},"end":{"line":129,"column":13}},"64":{"start":{"line":133,"column":4},"end":{"line":169,"column":5}},"65":{"start":{"line":134,"column":6},"end":{"line":134,"column":42}},"66":{"start":{"line":135,"column":6},"end":{"line":135,"column":53}},"67":{"start":{"line":136,"column":6},"end":{"line":136,"column":44}},"68":{"start":{"line":138,"column":6},"end":{"line":140,"column":7}},"69":{"start":{"line":139,"column":8},"end":{"line":139,"column":17}},"70":{"start":{"line":141,"column":6},"end":{"line":168,"column":7}},"71":{"start":{"line":142,"column":8},"end":{"line":153,"column":9}},"72":{"start":{"line":143,"column":10},"end":{"line":152,"column":11}},"73":{"start":{"line":144,"column":12},"end":{"line":149,"column":13}},"74":{"start":{"line":145,"column":14},"end":{"line":145,"column":77}},"75":{"start":{"line":146,"column":14},"end":{"line":148,"column":15}},"76":{"start":{"line":147,"column":16},"end":{"line":147,"column":68}},"77":{"start":{"line":151,"column":12},"end":{"line":151,"column":63}},"78":{"start":{"line":154,"column":13},"end":{"line":168,"column":7}},"79":{"start":{"line":155,"column":8},"end":{"line":155,"column":56}},"80":{"start":{"line":156,"column":13},"end":{"line":168,"column":7}},"81":{"start":{"line":157,"column":8},"end":{"line":157,"column":60}},"82":{"start":{"line":158,"column":13},"end":{"line":168,"column":7}},"83":{"start":{"line":159,"column":8},"end":{"line":161,"column":9}},"84":{"start":{"line":160,"column":10},"end":{"line":160,"column":75}},"85":{"start":{"line":162,"column":13},"end":{"line":168,"column":7}},"86":{"start":{"line":163,"column":8},"end":{"line":167,"column":9}},"87":{"start":{"line":164,"column":10},"end":{"line":164,"column":53}},"88":{"start":{"line":166,"column":10},"end":{"line":166,"column":50}},"89":{"start":{"line":172,"column":2},"end":{"line":180,"column":3}},"90":{"start":{"line":173,"column":4},"end":{"line":179,"column":5}},"91":{"start":{"line":174,"column":6},"end":{"line":174,"column":58}},"92":{"start":{"line":175,"column":11},"end":{"line":179,"column":5}},"93":{"start":{"line":176,"column":6},"end":{"line":176,"column":23}},"94":{"start":{"line":178,"column":6},"end":{"line":178,"column":43}},"95":{"start":{"line":182,"column":2},"end":{"line":197,"column":3}},"96":{"start":{"line":183,"column":4},"end":{"line":183,"column":45}},"97":{"start":{"line":184,"column":4},"end":{"line":184,"column":87}},"98":{"start":{"line":185,"column":4},"end":{"line":185,"column":31}},"99":{"start":{"line":186,"column":4},"end":{"line":192,"column":5}},"100":{"start":{"line":187,"column":6},"end":{"line":187,"column":47}},"101":{"start":{"line":188,"column":6},"end":{"line":188,"column":72}},"102":{"start":{"line":189,"column":6},"end":{"line":191,"column":7}},"103":{"start":{"line":190,"column":8},"end":{"line":190,"column":48}},"104":{"start":{"line":193,"column":4},"end":{"line":195,"column":6}},"105":{"start":{"line":194,"column":6},"end":{"line":194,"column":64}},"106":{"start":{"line":196,"column":4},"end":{"line":196,"column":17}},"107":{"start":{"line":200,"column":2},"end":{"line":200,"column":51}},"108":{"start":{"line":201,"column":2},"end":{"line":222,"column":4}},"109":{"start":{"line":202,"column":4},"end":{"line":202,"column":37}},"110":{"start":{"line":203,"column":4},"end":{"line":203,"column":23}},"111":{"start":{"line":204,"column":4},"end":{"line":206,"column":5}},"112":{"start":{"line":205,"column":6},"end":{"line":205,"column":78}},"113":{"start":{"line":208,"column":4},"end":{"line":212,"column":5}},"114":{"start":{"line":209,"column":6},"end":{"line":211,"column":7}},"115":{"start":{"line":210,"column":8},"end":{"line":210,"column":62}},"116":{"start":{"line":213,"column":4},"end":{"line":217,"column":5}},"117":{"start":{"line":214,"column":6},"end":{"line":216,"column":7}},"118":{"start":{"line":215,"column":8},"end":{"line":215,"column":78}},"119":{"start":{"line":218,"column":4},"end":{"line":218,"column":32}},"120":{"start":{"line":219,"column":4},"end":{"line":221,"column":5}},"121":{"start":{"line":220,"column":6},"end":{"line":220,"column":23}},"122":{"start":{"line":225,"column":2},"end":{"line":225,"column":57}},"123":{"start":{"line":226,"column":2},"end":{"line":232,"column":4}},"124":{"start":{"line":227,"column":4},"end":{"line":229,"column":5}},"125":{"start":{"line":228,"column":6},"end":{"line":228,"column":49}},"126":{"start":{"line":230,"column":4},"end":{"line":230,"column":37}},"127":{"start":{"line":231,"column":4},"end":{"line":231,"column":35}},"128":{"start":{"line":235,"column":2},"end":{"line":240,"column":4}},"129":{"start":{"line":236,"column":4},"end":{"line":238,"column":5}},"130":{"start":{"line":237,"column":6},"end":{"line":237,"column":58}},"131":{"start":{"line":239,"column":4},"end":{"line":239,"column":29}},"132":{"start":{"line":243,"column":2},"end":{"line":243,"column":57}},"133":{"start":{"line":244,"column":2},"end":{"line":276,"column":4}},"134":{"start":{"line":245,"column":4},"end":{"line":245,"column":23}},"135":{"start":{"line":246,"column":4},"end":{"line":248,"column":5}},"136":{"start":{"line":247,"column":6},"end":{"line":247,"column":78}},"137":{"start":{"line":249,"column":4},"end":{"line":251,"column":5}},"138":{"start":{"line":250,"column":6},"end":{"line":250,"column":57}},"139":{"start":{"line":253,"column":4},"end":{"line":264,"column":5}},"140":{"start":{"line":254,"column":6},"end":{"line":263,"column":7}},"141":{"start":{"line":255,"column":8},"end":{"line":255,"column":35}},"142":{"start":{"line":256,"column":8},"end":{"line":262,"column":9}},"143":{"start":{"line":257,"column":10},"end":{"line":257,"column":51}},"144":{"start":{"line":258,"column":15},"end":{"line":262,"column":9}},"145":{"start":{"line":259,"column":10},"end":{"line":261,"column":11}},"146":{"start":{"line":260,"column":12},"end":{"line":260,"column":58}},"147":{"start":{"line":267,"column":4},"end":{"line":267,"column":58}},"148":{"start":{"line":268,"column":4},"end":{"line":268,"column":55}},"149":{"start":{"line":269,"column":4},"end":{"line":269,"column":35}},"150":{"start":{"line":271,"column":4},"end":{"line":271,"column":72}},"151":{"start":{"line":272,"column":4},"end":{"line":272,"column":70}},"152":{"start":{"line":273,"column":4},"end":{"line":275,"column":5}},"153":{"start":{"line":274,"column":6},"end":{"line":274,"column":23}},"154":{"start":{"line":279,"column":2},"end":{"line":279,"column":69}},"155":{"start":{"line":280,"column":2},"end":{"line":291,"column":4}},"156":{"start":{"line":281,"column":4},"end":{"line":289,"column":5}},"157":{"start":{"line":282,"column":6},"end":{"line":288,"column":7}},"158":{"start":{"line":283,"column":8},"end":{"line":283,"column":41}},"159":{"start":{"line":284,"column":8},"end":{"line":284,"column":47}},"160":{"start":{"line":285,"column":8},"end":{"line":287,"column":9}},"161":{"start":{"line":286,"column":10},"end":{"line":286,"column":60}},"162":{"start":{"line":290,"column":4},"end":{"line":290,"column":41}},"163":{"start":{"line":293,"column":2},"end":{"line":304,"column":3}},"164":{"start":{"line":294,"column":4},"end":{"line":303,"column":6}},"165":{"start":{"line":306,"column":2},"end":{"line":320,"column":4}},"166":{"start":{"line":307,"column":4},"end":{"line":307,"column":50}},"167":{"start":{"line":308,"column":4},"end":{"line":308,"column":23}},"168":{"start":{"line":309,"column":4},"end":{"line":311,"column":5}},"169":{"start":{"line":310,"column":6},"end":{"line":310,"column":78}},"170":{"start":{"line":313,"column":4},"end":{"line":315,"column":5}},"171":{"start":{"line":314,"column":6},"end":{"line":314,"column":54}},"172":{"start":{"line":316,"column":4},"end":{"line":316,"column":46}},"173":{"start":{"line":317,"column":4},"end":{"line":319,"column":5}},"174":{"start":{"line":318,"column":6},"end":{"line":318,"column":23}},"175":{"start":{"line":322,"column":2},"end":{"line":334,"column":4}},"176":{"start":{"line":323,"column":4},"end":{"line":323,"column":50}},"177":{"start":{"line":324,"column":4},"end":{"line":324,"column":23}},"178":{"start":{"line":325,"column":4},"end":{"line":327,"column":5}},"179":{"start":{"line":326,"column":6},"end":{"line":326,"column":78}},"180":{"start":{"line":328,"column":4},"end":{"line":330,"column":5}},"181":{"start":{"line":329,"column":6},"end":{"line":329,"column":49}},"182":{"start":{"line":331,"column":4},"end":{"line":333,"column":5}},"183":{"start":{"line":332,"column":6},"end":{"line":332,"column":23}},"184":{"start":{"line":336,"column":2},"end":{"line":351,"column":4}},"185":{"start":{"line":340,"column":4},"end":{"line":342,"column":5}},"186":{"start":{"line":341,"column":6},"end":{"line":341,"column":52}},"187":{"start":{"line":344,"column":4},"end":{"line":344,"column":23}},"188":{"start":{"line":345,"column":4},"end":{"line":347,"column":5}},"189":{"start":{"line":346,"column":6},"end":{"line":346,"column":78}},"190":{"start":{"line":348,"column":4},"end":{"line":350,"column":5}},"191":{"start":{"line":349,"column":6},"end":{"line":349,"column":23}},"192":{"start":{"line":354,"column":0},"end":{"line":376,"column":2}},"193":{"start":{"line":355,"column":2},"end":{"line":355,"column":26}},"194":{"start":{"line":356,"column":2},"end":{"line":356,"column":77}},"195":{"start":{"line":357,"column":2},"end":{"line":357,"column":81}},"196":{"start":{"line":358,"column":2},"end":{"line":358,"column":129}},"197":{"start":{"line":359,"column":2},"end":{"line":363,"column":3}},"198":{"start":{"line":360,"column":4},"end":{"line":360,"column":39}},"199":{"start":{"line":362,"column":4},"end":{"line":362,"column":38}},"200":{"start":{"line":365,"column":2},"end":{"line":373,"column":3}},"201":{"start":{"line":366,"column":4},"end":{"line":366,"column":22}},"202":{"start":{"line":367,"column":4},"end":{"line":372,"column":5}},"203":{"start":{"line":368,"column":6},"end":{"line":368,"column":32}},"204":{"start":{"line":370,"column":6},"end":{"line":370,"column":31}},"205":{"start":{"line":371,"column":6},"end":{"line":371,"column":22}},"206":{"start":{"line":375,"column":2},"end":{"line":375,"column":45}},"207":{"start":{"line":378,"column":0},"end":{"line":431,"column":2}},"208":{"start":{"line":379,"column":2},"end":{"line":402,"column":4}},"209":{"start":{"line":404,"column":2},"end":{"line":404,"column":10}},"210":{"start":{"line":405,"column":2},"end":{"line":426,"column":3}},"211":{"start":{"line":406,"column":4},"end":{"line":406,"column":28}},"212":{"start":{"line":408,"column":4},"end":{"line":423,"column":5}},"213":{"start":{"line":410,"column":6},"end":{"line":410,"column":36}},"214":{"start":{"line":411,"column":6},"end":{"line":411,"column":34}},"215":{"start":{"line":413,"column":6},"end":{"line":422,"column":7}},"216":{"start":{"line":414,"column":8},"end":{"line":414,"column":38}},"217":{"start":{"line":415,"column":8},"end":{"line":415,"column":40}},"218":{"start":{"line":418,"column":8},"end":{"line":421,"column":77}},"219":{"start":{"line":425,"column":4},"end":{"line":425,"column":14}},"220":{"start":{"line":428,"column":2},"end":{"line":428,"column":43}},"221":{"start":{"line":430,"column":2},"end":{"line":430,"column":13}}},"branchMap":{"1":{"line":43,"type":"if","locations":[{"start":{"line":43,"column":2},"end":{"line":43,"column":2}},{"start":{"line":43,"column":2},"end":{"line":43,"column":2}}]},"2":{"line":67,"type":"if","locations":[{"start":{"line":67,"column":4},"end":{"line":67,"column":4}},{"start":{"line":67,"column":4},"end":{"line":67,"column":4}}]},"3":{"line":77,"type":"if","locations":[{"start":{"line":77,"column":4},"end":{"line":77,"column":4}},{"start":{"line":77,"column":4},"end":{"line":77,"column":4}}]},"4":{"line":81,"type":"if","locations":[{"start":{"line":81,"column":6},"end":{"line":81,"column":6}},{"start":{"line":81,"column":6},"end":{"line":81,"column":6}}]},"5":{"line":100,"type":"if","locations":[{"start":{"line":100,"column":4},"end":{"line":100,"column":4}},{"start":{"line":100,"column":4},"end":{"line":100,"column":4}}]},"6":{"line":128,"type":"if","locations":[{"start":{"line":128,"column":4},"end":{"line":128,"column":4}},{"start":{"line":128,"column":4},"end":{"line":128,"column":4}}]},"7":{"line":138,"type":"if","locations":[{"start":{"line":138,"column":6},"end":{"line":138,"column":6}},{"start":{"line":138,"column":6},"end":{"line":138,"column":6}}]},"8":{"line":138,"type":"binary-expr","locations":[{"start":{"line":138,"column":10},"end":{"line":138,"column":30}},{"start":{"line":138,"column":34},"end":{"line":138,"column":54}}]},"9":{"line":141,"type":"if","locations":[{"start":{"line":141,"column":6},"end":{"line":141,"column":6}},{"start":{"line":141,"column":6},"end":{"line":141,"column":6}}]},"10":{"line":143,"type":"if","locations":[{"start":{"line":143,"column":10},"end":{"line":143,"column":10}},{"start":{"line":143,"column":10},"end":{"line":143,"column":10}}]},"11":{"line":146,"type":"if","locations":[{"start":{"line":146,"column":14},"end":{"line":146,"column":14}},{"start":{"line":146,"column":14},"end":{"line":146,"column":14}}]},"12":{"line":154,"type":"if","locations":[{"start":{"line":154,"column":13},"end":{"line":154,"column":13}},{"start":{"line":154,"column":13},"end":{"line":154,"column":13}}]},"13":{"line":156,"type":"if","locations":[{"start":{"line":156,"column":13},"end":{"line":156,"column":13}},{"start":{"line":156,"column":13},"end":{"line":156,"column":13}}]},"14":{"line":158,"type":"if","locations":[{"start":{"line":158,"column":13},"end":{"line":158,"column":13}},{"start":{"line":158,"column":13},"end":{"line":158,"column":13}}]},"15":{"line":162,"type":"if","locations":[{"start":{"line":162,"column":13},"end":{"line":162,"column":13}},{"start":{"line":162,"column":13},"end":{"line":162,"column":13}}]},"16":{"line":163,"type":"if","locations":[{"start":{"line":163,"column":8},"end":{"line":163,"column":8}},{"start":{"line":163,"column":8},"end":{"line":163,"column":8}}]},"17":{"line":173,"type":"if","locations":[{"start":{"line":173,"column":4},"end":{"line":173,"column":4}},{"start":{"line":173,"column":4},"end":{"line":173,"column":4}}]},"18":{"line":175,"type":"if","locations":[{"start":{"line":175,"column":11},"end":{"line":175,"column":11}},{"start":{"line":175,"column":11},"end":{"line":175,"column":11}}]},"19":{"line":189,"type":"if","locations":[{"start":{"line":189,"column":6},"end":{"line":189,"column":6}},{"start":{"line":189,"column":6},"end":{"line":189,"column":6}}]},"20":{"line":204,"type":"if","locations":[{"start":{"line":204,"column":4},"end":{"line":204,"column":4}},{"start":{"line":204,"column":4},"end":{"line":204,"column":4}}]},"21":{"line":208,"type":"if","locations":[{"start":{"line":208,"column":4},"end":{"line":208,"column":4}},{"start":{"line":208,"column":4},"end":{"line":208,"column":4}}]},"22":{"line":213,"type":"if","locations":[{"start":{"line":213,"column":4},"end":{"line":213,"column":4}},{"start":{"line":213,"column":4},"end":{"line":213,"column":4}}]},"23":{"line":219,"type":"if","locations":[{"start":{"line":219,"column":4},"end":{"line":219,"column":4}},{"start":{"line":219,"column":4},"end":{"line":219,"column":4}}]},"24":{"line":227,"type":"if","locations":[{"start":{"line":227,"column":4},"end":{"line":227,"column":4}},{"start":{"line":227,"column":4},"end":{"line":227,"column":4}}]},"25":{"line":227,"type":"binary-expr","locations":[{"start":{"line":227,"column":8},"end":{"line":227,"column":18}},{"start":{"line":227,"column":22},"end":{"line":227,"column":62}}]},"26":{"line":236,"type":"if","locations":[{"start":{"line":236,"column":4},"end":{"line":236,"column":4}},{"start":{"line":236,"column":4},"end":{"line":236,"column":4}}]},"27":{"line":246,"type":"if","locations":[{"start":{"line":246,"column":4},"end":{"line":246,"column":4}},{"start":{"line":246,"column":4},"end":{"line":246,"column":4}}]},"28":{"line":249,"type":"if","locations":[{"start":{"line":249,"column":4},"end":{"line":249,"column":4}},{"start":{"line":249,"column":4},"end":{"line":249,"column":4}}]},"29":{"line":253,"type":"if","locations":[{"start":{"line":253,"column":4},"end":{"line":253,"column":4}},{"start":{"line":253,"column":4},"end":{"line":253,"column":4}}]},"30":{"line":256,"type":"if","locations":[{"start":{"line":256,"column":8},"end":{"line":256,"column":8}},{"start":{"line":256,"column":8},"end":{"line":256,"column":8}}]},"31":{"line":258,"type":"if","locations":[{"start":{"line":258,"column":15},"end":{"line":258,"column":15}},{"start":{"line":258,"column":15},"end":{"line":258,"column":15}}]},"32":{"line":259,"type":"if","locations":[{"start":{"line":259,"column":10},"end":{"line":259,"column":10}},{"start":{"line":259,"column":10},"end":{"line":259,"column":10}}]},"33":{"line":273,"type":"if","locations":[{"start":{"line":273,"column":4},"end":{"line":273,"column":4}},{"start":{"line":273,"column":4},"end":{"line":273,"column":4}}]},"34":{"line":281,"type":"if","locations":[{"start":{"line":281,"column":4},"end":{"line":281,"column":4}},{"start":{"line":281,"column":4},"end":{"line":281,"column":4}}]},"35":{"line":285,"type":"if","locations":[{"start":{"line":285,"column":8},"end":{"line":285,"column":8}},{"start":{"line":285,"column":8},"end":{"line":285,"column":8}}]},"36":{"line":309,"type":"if","locations":[{"start":{"line":309,"column":4},"end":{"line":309,"column":4}},{"start":{"line":309,"column":4},"end":{"line":309,"column":4}}]},"37":{"line":317,"type":"if","locations":[{"start":{"line":317,"column":4},"end":{"line":317,"column":4}},{"start":{"line":317,"column":4},"end":{"line":317,"column":4}}]},"38":{"line":325,"type":"if","locations":[{"start":{"line":325,"column":4},"end":{"line":325,"column":4}},{"start":{"line":325,"column":4},"end":{"line":325,"column":4}}]},"39":{"line":328,"type":"if","locations":[{"start":{"line":328,"column":4},"end":{"line":328,"column":4}},{"start":{"line":328,"column":4},"end":{"line":328,"column":4}}]},"40":{"line":331,"type":"if","locations":[{"start":{"line":331,"column":4},"end":{"line":331,"column":4}},{"start":{"line":331,"column":4},"end":{"line":331,"column":4}}]},"41":{"line":340,"type":"if","locations":[{"start":{"line":340,"column":4},"end":{"line":340,"column":4}},{"start":{"line":340,"column":4},"end":{"line":340,"column":4}}]},"42":{"line":345,"type":"if","locations":[{"start":{"line":345,"column":4},"end":{"line":345,"column":4}},{"start":{"line":345,"column":4},"end":{"line":345,"column":4}}]},"43":{"line":348,"type":"if","locations":[{"start":{"line":348,"column":4},"end":{"line":348,"column":4}},{"start":{"line":348,"column":4},"end":{"line":348,"column":4}}]},"44":{"line":355,"type":"binary-expr","locations":[{"start":{"line":355,"column":12},"end":{"line":355,"column":19}},{"start":{"line":355,"column":23},"end":{"line":355,"column":25}}]},"45":{"line":356,"type":"binary-expr","locations":[{"start":{"line":356,"column":52},"end":{"line":356,"column":71}},{"start":{"line":356,"column":75},"end":{"line":356,"column":76}}]},"46":{"line":357,"type":"binary-expr","locations":[{"start":{"line":357,"column":50},"end":{"line":357,"column":68}},{"start":{"line":357,"column":72},"end":{"line":357,"column":80}}]},"47":{"line":358,"type":"binary-expr","locations":[{"start":{"line":358,"column":84},"end":{"line":358,"column":119}},{"start":{"line":358,"column":123},"end":{"line":358,"column":128}}]},"48":{"line":359,"type":"if","locations":[{"start":{"line":359,"column":2},"end":{"line":359,"column":2}},{"start":{"line":359,"column":2},"end":{"line":359,"column":2}}]},"49":{"line":365,"type":"if","locations":[{"start":{"line":365,"column":2},"end":{"line":365,"column":2}},{"start":{"line":365,"column":2},"end":{"line":365,"column":2}}]},"50":{"line":380,"type":"cond-expr","locations":[{"start":{"line":380,"column":53},"end":{"line":380,"column":70}},{"start":{"line":380,"column":73},"end":{"line":380,"column":77}}]},"51":{"line":408,"type":"if","locations":[{"start":{"line":408,"column":4},"end":{"line":408,"column":4}},{"start":{"line":408,"column":4},"end":{"line":408,"column":4}}]},"52":{"line":413,"type":"if","locations":[{"start":{"line":413,"column":6},"end":{"line":413,"column":6}},{"start":{"line":413,"column":6},"end":{"line":413,"column":6}}]}},"code":["var babylonToEspree = require(\"./babylon-to-espree\");","var Module          = require(\"module\");","var path            = require(\"path\");","var parse           = require(\"babylon\").parse;","var t               = require(\"babel-types\");","var tt              = require(\"babylon\").tokTypes;","var traverse        = require(\"babel-traverse\").default;","var codeFrame       = require(\"babel-code-frame\");","","var hasPatched = false;","var eslintOptions = {};","","function getModules() {","  try {","    // avoid importing a local copy of eslint, try to find a peer dependency"," 
[...]
"start":{"line":97,"column":6},"end":{"line":97,"column":22}},"57":{"start":{"line":98,"column":6},"end":{"line":101,"column":8}},"58":{"start":{"line":102,"column":6},"end":{"line":102,"column":24}},"59":{"start":{"line":103,"column":6},"end":{"line":103,"column":26}},"60":{"start":{"line":104,"column":6},"end":{"line":104,"column":24}},"61":{"start":{"line":107,"column":4},"end":{"line":110,"column":5}},"62":{"start":{"line":108,"column":6},"end":{"line":108,"column":29}},"63":{"start":{"line":109,"column":6},"end":{"line":109,"column":25}},"64":{"start":{"line":112,"column":4},"end":{"line":166,"column":5}},"65":{"start":{"line":113,"column":6},"end":{"line":113,"column":67}},"66":{"start":{"line":114,"column":6},"end":{"line":114,"column":37}},"67":{"start":{"line":116,"column":6},"end":{"line":132,"column":8}},"68":{"start":{"line":134,"column":6},"end":{"line":134,"column":64}},"69":{"start":{"line":136,"column":6},"end":{"line":136,"column":96}},"70":{"start":{"line":137,"column":6},"end":{"line":137,"column":92}},"71":{"start":{"line":139,"column":6},"end":{"line":141,"column":7}},"72":{"start":{"line":140,"column":8},"end":{"line":140,"column":48}},"73":{"start":{"line":143,"column":6},"end":{"line":145,"column":7}},"74":{"start":{"line":144,"column":8},"end":{"line":144,"column":56}},"75":{"start":{"line":147,"column":6},"end":{"line":149,"column":7}},"76":{"start":{"line":148,"column":8},"end":{"line":148,"column":39}},"77":{"start":{"line":151,"column":6},"end":{"line":156,"column":7}},"78":{"start":{"line":152,"column":8},"end":{"line":152,"column":31}},"79":{"start":{"line":153,"column":8},"end":{"line":155,"column":9}},"80":{"start":{"line":154,"column":10},"end":{"line":154,"column":29}},"81":{"start":{"line":158,"column":6},"end":{"line":158,"column":23}},"82":{"start":{"line":159,"column":6},"end":{"line":159,"column":21}},"83":{"start":{"line":160,"column":6},"end":{"line":160,"column":24}},"84":{"start":{"line":161,"column":6},"end":{"line":161,"column":28}},"85":{"start":{"line":162,"column":6},"end":{"line":162,"column":29}},"86":{"start":{"line":163,"column":6},"end":{"line":163,"column":25}},"87":{"start":{"line":164,"column":6},"end":{"line":164,"column":29}},"88":{"start":{"line":165,"column":6},"end":{"line":165,"column":33}},"89":{"start":{"line":168,"column":4},"end":{"line":170,"column":5}},"90":{"start":{"line":169,"column":6},"end":{"line":169,"column":45}},"91":{"start":{"line":172,"column":4},"end":{"line":176,"column":5}},"92":{"start":{"line":173,"column":6},"end":{"line":173,"column":31}},"93":{"start":{"line":174,"column":6},"end":{"line":174,"column":39}},"94":{"start":{"line":175,"column":6},"end":{"line":175,"column":24}},"95":{"start":{"line":180,"column":4},"end":{"line":182,"column":5}},"96":{"start":{"line":181,"column":6},"end":{"line":181,"column":21}},"97":{"start":{"line":184,"column":4},"end":{"line":186,"column":5}},"98":{"start":{"line":185,"column":6},"end":{"line":185,"column":22}},"99":{"start":{"line":188,"column":4},"end":{"line":190,"column":5}},"100":{"start":{"line":189,"column":6},"end":{"line":189,"column":21}},"101":{"start":{"line":192,"column":4},"end":{"line":194,"column":5}},"102":{"start":{"line":193,"column":6},"end":{"line":193,"column":23}},"103":{"start":{"line":198,"column":4},"end":{"line":200,"column":5}},"104":{"start":{"line":199,"column":6},"end":{"line":199,"column":25}},"105":{"start":{"line":202,"column":4},"end":{"line":209,"column":5}},"106":{"start":{"line":203,"column":6},"end":{"line":203,"column":43}},"107":{"start":{"line":204,"column":6},"end":{"line":208,"column":7}},"108":{"start":{"line":205,"column":8},"end":{"line":205,"column":51}},"109":{"start":{"line":206,"column":13},"end":{"line":208,"column":7}},"110":{"start":{"line":207,"column":8},"end":{"line":207,"column":54}},"111":{"start":{"line":212,"column":4},"end":{"line":216,"column":5}},"112":{"start":{"line":213,"column":6},"end":{"line":215,"column":7}},"113":{"start":{"line":214,"column":8},"end":{"line":214,"column":27}},"114":{"start":{"line":219,"column":4},"end":{"line":235,"column":5}},"115":{"start":{"line":220,"column":6},"end":{"line":234,"column":7}},"116":{"start":{"line":221,"column":8},"end":{"line":221,"column":31}},"117":{"start":{"line":222,"column":8},"end":{"line":222,"column":24}},"118":{"start":{"line":223,"column":8},"end":{"line":227,"column":9}},"119":{"start":{"line":224,"column":10},"end":{"line":224,"column":26}},"120":{"start":{"line":226,"column":10},"end":{"line":226,"column":26}},"121":{"start":{"line":228,"column":8},"end":{"line":228,"column":32}},"122":{"start":{"line":229,"column":8},"end":{"line":233,"column":9}},"123":{"start":{"line":230,"column":10},"end":{"line":230,"column":32}},"124":{"start":{"line":232,"column":10},"end":{"line":232,"column":32}}},"branchMap":{"1":{"line":13,"type":"if","locations":[{"start":{"line":13,"column":2},"end":{"line":13,"column":2}},{"start":{"line":13,"column":2},"end":{"line":13,"column":2}}]},"2":{"line":14,"type":"if","locations":[{"start":{"line":14,"column":4},"end":{"line":14,"column":4}},{"start":{"line":14,"column":4},"end":{"line":14,"column":4}}]},"3":{"line":14,"type":"binary-expr","locations":[{"start":{"line":14,"column":8},"end":{"line":14,"column":18}},{"start":{"line":14,"column":22},"end":{"line":14,"column":36}}]},"4":{"line":32,"type":"if","locations":[{"start":{"line":32,"column":4},"end":{"line":32,"column":4}},{"start":{"line":32,"column":4},"end":{"line":32,"column":4}}]},"5":{"line":37,"type":"if","locations":[{"start":{"line":37,"column":4},"end":{"line":37,"column":4}},{"start":{"line":37,"column":4},"end":{"line":37,"column":4}}]},"6":{"line":41,"type":"if","locations":[{"start":{"line":41,"column":4},"end":{"line":41,"column":4}},{"start":{"line":41,"column":4},"end":{"line":41,"column":4}}]},"7":{"line":52,"type":"if","locations":[{"start":{"line":52,"column":4},"end":{"line":52,"column":4}},{"start":{"line":52,"column":4},"end":{"line":52,"column":4}}]},"8":{"line":52,"type":"binary-expr","locations":[{"start":{"line":52,"column":8},"end":{"line":52,"column":25}},{"start":{"line":52,"column":29},"end":{"line":52,"column":45}}]},"9":{"line":55,"type":"if","locations":[{"start":{"line":55,"column":6},"end":{"line":55,"column":6}},{"start":{"line":55,"column":6},"end":{"line":55,"column":6}}]},"10":{"line":59,"type":"if","locations":[{"start":{"line":59,"column":6},"end":{"line":59,"column":6}},{"start":{"line":59,"column":6},"end":{"line":59,"column":6}}]},"11":{"line":73,"type":"if","locations":[{"start":{"line":73,"column":4},"end":{"line":73,"column":4}},{"start":{"line":73,"column":4},"end":{"line":73,"column":4}}]},"12":{"line":78,"type":"if","locations":[{"start":{"line":78,"column":4},"end":{"line":78,"column":4}},{"start":{"line":78,"column":4},"end":{"line":78,"column":4}}]},"13":{"line":78,"type":"binary-expr","locations":[{"start":{"line":78,"column":8},"end":{"line":78,"column":31}},{"start":{"line":79,"column":8},"end":{"line":79,"column":30}}]},"14":{"line":83,"type":"if","locations":[{"start":{"line":83,"column":4},"end":{"line":83,"column":4}},{"start":{"line":83,"column":4},"end":{"line":83,"column":4}}]},"15":{"line":88,"type":"if","locations":[{"start":{"line":88,"column":4},"end":{"line":88,"column":4}},{"start":{"line":88,"column":4},"end":{"line":88,"column":4}}]},"16":{"line":94,"type":"if","locations":[{"start":{"line":94,"column":4},"end":{"line":94,"column":4}},{"start":{"line":94,"column":4},"end":{"line":94,"column":4}}]},"17":{"line":107,"type":"if","locations":[{"start":{"line":107,"column":4},"end":{"line":107,"column":4}},{"start":{"line":107,"column":4},"end":{"line":107,"column":4}}]},"18":{"line":112,"type":"if","locations":[{"start":{"line":112,"column":4},"end":{"line":112,"column":4}},{"start":{"line":112,"column":4},"end":{"line":112,"column":4}}]},"19":{"line":112,"type":"binary-expr","locations":[{"start":{"line":112,"column":8},"end":{"line":112,"column":28}},{"start":{"line":112,"column":32},"end":{"line":112,"column":53}}]},"20":{"line":136,"type":"binary-expr","locations":[{"start":{"line":136,"column":25},"end":{"line":136,"column":41}},{"start":{"line":136,"column":45},"end":{"line":136,"column":64}},{"start":{"line":136,"column":68},"end":{"line":136,"column":95}}]},"21":{"line":137,"type":"binary-expr","locations":[{"start":{"line":137,"column":23},"end":{"line":137,"column":39}},{"start":{"line":137,"column":43},"end":{"line":137,"column":62}},{"start":{"line":137,"column":66},"end":{"line":137,"column":91}}]},"22":{"line":139,"type":"if","locations":[{"start":{"line":139,"column":6},"end":{"line":139,"column":6}},{"start":{"line":139,"column":6},"end":{"line":139,"column":6}}]},"23":{"line":143,"type":"if","locations":[{"start":{"line":143,"column":6},"end":{"line":143,"column":6}},{"start":{"line":143,"column":6},"end":{"line":143,"column":6}}]},"24":{"line":147,"type":"if","locations":[{"start":{"line":147,"column":6},"end":{"line":147,"column":6}},{"start":{"line":147,"column":6},"end":{"line":147,"column":6}}]},"25":{"line":151,"type":"if","locations":[{"start":{"line":151,"column":6},"end":{"line":151,"column":6}},{"start":{"line":151,"column":6},"end":{"line":151,"column":6}}]},"26":{"line":153,"type":"if","locations":[{"start":{"line":153,"column":8},"end":{"line":153,"column":8}},{"start":{"line":153,"column":8},"end":{"line":153,"column":8}}]},"27":{"line":168,"type":"if","locations":[{"start":{"line":168,"column":4},"end":{"line":168,"column":4}},{"start":{"line":168,"column":4},"end":{"line":168,"column":4}}]},"28":{"line":168,"type":"binary-expr","locations":[{"start":{"line":168,"column":8},"end":{"line":168,"column":29}},{"start":{"line":168,"column":33},"end":{"line":168,"column":56}}]},"29":{"line":172,"type":"if","locations":[{"start":{"line":172,"column":4},"end":{"line":172,"column":4}},{"start":{"line":172,"column":4},"end":{"line":172,"column":4}}]},"30":{"line":172,"type":"binary-expr","locations":[{"start":{"line":172,"column":8},"end":{"line":172,"column":28}},{"start":{"line":172,"column":32},"end":{"line":172,"column":54}}]},"31":{"line":180,"type":"if","locations":[{"start":{"line":180,"column":4},"end":{"line":180,"column":4}},{"start":{"line":180,"column":4},"end":{"line":180,"column":4}}]},"32":{"line":184,"type":"if","locations":[{"start":{"line":184,"column":4},"end":{"line":184,"column":4}},{"start":{"line":184,"column":4},"end":{"line":184,"column":4}}]},"33":{"line":188,"type":"if","locations":[{"start":{"line":188,"column":4},"end":{"line":188,"column":4}},{"start":{"line":188,"column":4},"end":{"line":188,"column":4}}]},"34":{"line":192,"type":"if","locations":[{"start":{"line":192,"column":4},"end":{"line":192,"column":4}},{"start":{"line":192,"column":4},"end":{"line":192,"column":4}}]},"35":{"line":198,"type":"if","locations":[{"start":{"line":198,"column":4},"end":{"line":198,"column":4}},{"start":{"line":198,"column":4},"end":{"line":198,"column":4}}]},"36":{"line":202,"type":"if","locations":[{"start":{"line":202,"column":4},"end":{"line":202,"column":4}},{"start":{"line":202,"column":4},"end":{"line":202,"column":4}}]},"37":{"line":204,"type":"if","locations":[{"start":{"line":204,"column":6},"end":{"line":204,"column":6}},{"start":{"line":204,"column":6},"end":{"line":204,"column":6}}]},"38":{"line":206,"type":"if","locations":[{"start":{"line":206,"column":13},"end":{"line":206,"column":13}},{"start":{"line":206,"column":13},"end":{"line":206,"column":13}}]},"39":{"line":212,"type":"if","locations":[{"start":{"line":212,"column":4},"end":{"line":212,"column":4}},{"start":{"line":212,"column":4},"end":{"line":212,"column":4}}]},"40":{"line":213,"type":"if","locations":[{"start":{"line":213,"column":6},"end":{"line":213,"column":6}},{"start":{"line":213,"column":6},"end":{"line":213,"column":6}}]},"41":{"line":219,"type":"if","locations":[{"start":{"line":219,"column":4},"end":{"line":219,"column":4}},{"start":{"line":219,"column":4},"end":{"line":219,"column":4}}]},"42":{"line":223,"type":"if","locations":[{"start":{"line":223,"column":8},"end":{"line":223,"column":8}},{"start":{"line":223,"column":8},"end":{"line":223,"column":8}}]},"43":{"line":229,"type":"if","locations":[{"start":{"line":229,"column":8},"end":{"line":229,"column":8}},{"start":{"line":229,"column":8},"end":{"line":229,"column":8}}]}},"code":["\"use strict\";","","var convertComments = require(\"./convertComments\");","","module.exports = function (ast, traverse, code) {","  var state = { source: code };","  ast.range = [ast.start, ast.end];","  traverse(ast, astTransformVisitor, null, state);","};","","function changeToLiteral(node, state) {","  node.type = \"Literal\";","  if (!node.raw) {","    if (node.extra && node.extra.raw) {","      node.raw = node.extra.raw;","    } else {","      node.raw = state.source.slice(node.start, node.end);","    }","  }","}","","var astTransformVisitor = {","  noScope: true,","  enter (path) {","    var node = path.node;","","    node.range = [node.start, node.end];","","    // private var to track original node type","    node._babelType = node.type;","","    if (node.innerComments) {","      node.trailingComments = node.innerComments;","      delete node.innerComments;","    }","","    if (node.trailingComments) {","      convertComments(node.trailingComments);","    }","","    if (node.leadingComments) {","      convertComments(node.leadingComments);","    }","","    // make '_paths' non-enumerable (babel-eslint #200)","    Object.defineProperty(node, \"_paths\", { value: node._paths, writable: true });","  },","  exit (path, state) {","    var node = path.node;","","    // fixDirectives","    if (path.isFunction() || path.isProgram()) {","      var directivesContainer = node;","      var body = node.body;","      if (node.type !== \"Program\") {","        directivesContainer = body;","        body = body.body;","      }","      if (directivesContainer.directives) {","        for (var i = directivesContainer.directives.length - 1; i >= 0; i--) {","          var directive = directivesContainer.directives[i];","          directive.type = \"ExpressionStatement\";","          directive.expression = directive.value;","          delete directive.value;","          directive.expression.type = \"Literal\";","          changeToLiteral(directive.expression, state);","          body.unshift(directive);","        }","        delete directivesContainer.directives;","      }","    }","","    if (path.isJSXText()) {","      node.type = \"Literal\";","      node.raw = node.value;","    }","","    if (path.isNumericLiteral() ||","        path.isStringLiteral()) {","      changeToLiteral(node, state);","    }","","    if (path.isBooleanLiteral()) {","      node.type = \"Literal\";","      node.raw = String(node.value);","    }","","    if (path.isNullLiteral()) {","      node.type = \"Literal\";","      node.raw = \"null\";","      node.value = null;","    }","","    if (path.isRegExpLiteral()) {","      node.type = \"Literal\";","      node.raw = node.extra.raw;","      node.value = {};","      node.regex = {","        pattern: node.pattern,","        flags: node.flags","      };","      delete node.extra;","      delete node.pattern;","      delete node.flags;","    }","","    if (path.isObjectProperty()) {","      node.type = \"Property\";","      node.kind = \"init\";","    }","","    if (path.isClassMethod() || path.isObjectMethod()) {","      var code = state.source.slice(node.key.end, node.body.start);","      var offset = code.indexOf(\"(\");","","      node.value = {","        type: \"FunctionExpression\",","        id: node.id,","        params: node.params,","        body: node.body,","        async: node.async,","        generator: node.generator,","        expression: node.expression,","        defaults: [], // basic support - TODO: remove (old esprima)","        loc: {","          start: {","            line: node.key.loc.start.line,","            column: node.key.loc.end.column + offset // a[() {]","          },","          end: node.body.loc.end","        }","      };","      // [asdf]() {","      node.value.range = [node.key.end + offset, node.body.end];","","      node.value.start = node.value.range && node.value.range[0] || node.value.loc.start.column;","      node.value.end = node.value.range && node.value.range[1] || node.value.loc.end.column;","","      if (node.returnType) {","        node.value.returnType = node.returnType;","      }","","      if (node.typeParameters) {","        node.value.typeParameters = node.typeParameters;","      }","","      if (path.isClassMethod()) {","        node.type = \"MethodDefinition\";","      }","","      if (path.isObjectMethod()) {","        node.type = \"Property\";","        if (node.kind === \"method\") {","          node.kind = \"init\";","        }","      }","","      delete node.body;","      delete node.id;","      delete node.async;","      delete node.generator;","      delete node.expression;","      delete node.params;","      delete node.returnType;","      delete node.typeParameters;","    }","","    if (path.isRestProperty() || path.isSpreadProperty()) {","      node.type = `Experimental${node.type}`;","    }","","    if (path.isTypeParameter && path.isTypeParameter()) {","      node.type = \"Identifier\";","      node.typeAnnotation = node.bound;","      delete node.bound;","    }","","    // flow: prevent \"no-undef\"","    // for \"Component\" in: \"let x: React.Component\"","    if (path.isQualifiedTypeIdentifier()) {","      delete node.id;","    }","    // for \"b\" in: \"var a: { b: Foo }\"","    if (path.isObjectTypeProperty()) {","      delete node.key;","    }","    // for \"indexer\" in: \"var a: {[indexer: string]: number}\"","    if (path.isObjectTypeIndexer()) {","      delete node.id;","    }","    // for \"param\" in: \"var a: { func(param: Foo): Bar };\"","    if (path.isFunctionTypeParam()) {","      delete node.name;","    }","","    // modules","","    if (path.isImportDeclaration()) {","      delete node.isType;","    }","","    if (path.isExportDeclaration()) {","      var declar = path.get(\"declaration\");","      if (declar.isClassExpression()) {","        node.declaration.type = \"ClassDeclaration\";","      } else if (declar.isFunctionExpression()) {","        node.declaration.type = \"FunctionDeclaration\";","      }","    }","","    // TODO: remove (old esprima)","    if (path.isFunction()) {","      if (!node.defaults) {","        node.defaults = [];","      }","    }","","    // template string range fixes","    if (path.isTemplateLiteral()) {","      for (var j = 0; j < node.quasis.length; j++) {","        var q = node.quasis[j];","        q.range[0] -= 1;","        if (q.tail) {","          q.range[1] += 1;","        } else {","          q.range[1] += 2;","        }","        q.loc.start.column -= 1;","        if (q.tail) {","          q.loc.end.column += 1;","        } else {","          q.loc.end.column += 2;","        }","      }","    }","  }","};",""],"l":{"3":1,"5":1,"6":0,"7":0,"8":0,"11":1,"12":0,"13":0,"14":0,"15":0,"17":0,"22":1,"25":0,"27":0,"30":0,"32":0,"33":0,"34":0,"37":0,"38":0,"41":0,"42":0,"46":0,"49":0,"52":0,"53":0,"54":0,"55":0,"56":0,"57":0,"59":0,"60":0,"61":0,"62":0,"63":0,"64":0,"65":0,"66":0,"67":0,"69":0,"73":0,"74":0,"75":0,"78":0,"80":0,"83":0,"84":0,"85":0,"88":0,"89":0,"90":0,"91":0,"94":0,"95":0,"96":0,"97":0,"98":0,"102":0,"103":0,"104":0,"107":0,"108":0,"109":0,"112":0,"113":0,"114":0,"116":0,"134":0,"136":0,"137":0,"139":0,"140":0,"143":0,"144":0,"147":0,"148":0,"151":0,"152":0,"153":0,"154":0,"158":0,"159":0,"160":0,"161":0,"162":0,"163":0,"164":0,"165":0,"168":0,"169":0,"172":0,"173":0,"174":0,"175":0,"180":0,"181":0,"184":0,"185":0,"188":0,"189":0,"192":0,"193":0,"198":0,"199":0,"202":0,"203":0,"204":0,"205":0,"206":0,"207":0,"212":0,"213":0,"214":0,"219":0,"220":0,"221":0,"222":0,"223":0,"224":0,"226":0,"228":0,"229":0,"230":0,"232":0}}}